Environment Name: Quadruped-v2
running build_ext
Environment Name: Quadruped-v2
running build_ext
Start Pretraining.
Episode 0 Loss 0.033009
Episode 1 Loss 0.026520
Episode 2 Loss 0.035609
Episode 3 Loss 0.026117
Episode 4 Loss 0.027086
Episode 5 Loss 0.031698
Episode 6 Loss 0.037651
Episode 7 Loss 0.023701
Episode 8 Loss 0.028663
Episode 9 Loss 0.034830
Episode 10 Loss 0.039679
Episode 11 Loss 0.025089
Episode 12 Loss 0.023688
Episode 13 Loss 0.031897
Episode 14 Loss 0.023024
Episode 15 Loss 0.028555
Episode 16 Loss 0.034191
Episode 17 Loss 0.032030
Episode 18 Loss 0.027825
Episode 19 Loss 0.028607
Episode 20 Loss 0.027591
Episode 21 Loss 0.033627
Episode 22 Loss 0.049916
Episode 23 Loss 0.023136
Episode 24 Loss 0.030009
Episode 25 Loss 0.037359
Episode 26 Loss 0.030014
Episode 27 Loss 0.034204
Episode 28 Loss 0.026519
Episode 29 Loss 0.033413
Episode 30 Loss 0.032638
Episode 31 Loss 0.045540
Episode 32 Loss 0.029993
Episode 33 Loss 0.022112
Episode 34 Loss 0.034676
Episode 35 Loss 0.028667
Episode 36 Loss 0.027444
Episode 37 Loss 0.024029
Episode 38 Loss 0.032364
Episode 39 Loss 0.026804
Episode 40 Loss 0.030348
Episode 41 Loss 0.029248
Episode 42 Loss 0.036023
Episode 43 Loss 0.034617
Episode 44 Loss 0.024110
Episode 45 Loss 0.024843
Episode 46 Loss 0.039275
Episode 47 Loss 0.028548
Episode 48 Loss 0.023441
Episode 49 Loss 0.035144
Episode 50 Loss 0.028644
Episode 51 Loss 0.035811
Episode 52 Loss 0.023504
Episode 53 Loss 0.025460
Episode 54 Loss 0.030420
Episode 55 Loss 0.026699
Episode 56 Loss 0.024044
Episode 57 Loss 0.023922
Episode 58 Loss 0.028548
Episode 59 Loss 0.013792
Episode 60 Loss 0.025612
Episode 61 Loss 0.040008
Episode 62 Loss 0.016479
Episode 63 Loss 0.023142
Episode 64 Loss 0.024659
Episode 65 Loss 0.030879
Episode 66 Loss 0.027887
Episode 67 Loss 0.027472
Episode 68 Loss 0.024275
Episode 69 Loss 0.023561
Episode 70 Loss 0.032728
Episode 71 Loss 0.019485
Episode 72 Loss 0.039156
Episode 73 Loss 0.027346
Episode 74 Loss 0.022468
Episode 75 Loss 0.032557
Episode 76 Loss 0.022343
Episode 77 Loss 0.030766
Episode 78 Loss 0.039446
Episode 79 Loss 0.027151
Episode 80 Loss 0.026794
Episode 81 Loss 0.037733
Episode 82 Loss 0.024730
Episode 83 Loss 0.027190
Episode 84 Loss 0.016025
Episode 85 Loss 0.022913
Episode 86 Loss 0.041387
Episode 87 Loss 0.025510
Episode 88 Loss 0.032062
Episode 89 Loss 0.026553
Episode 90 Loss 0.027468
Episode 91 Loss 0.028751
Episode 92 Loss 0.034520
Episode 93 Loss 0.026518
Episode 94 Loss 0.024763
Episode 95 Loss 0.026072
Episode 96 Loss 0.019815
Episode 97 Loss 0.032473
Episode 98 Loss 0.032328
Episode 99 Loss 0.023587
Episode 100 Loss 0.021373
Episode 101 Loss 0.031838
Episode 102 Loss 0.022493
Episode 103 Loss 0.019587
Episode 104 Loss 0.040404
Episode 105 Loss 0.036103
Episode 106 Loss 0.019791
Episode 107 Loss 0.049531
Episode 108 Loss 0.035390
Episode 109 Loss 0.034170
Episode 110 Loss 0.036491
Episode 111 Loss 0.025700
Episode 112 Loss 0.044764
Episode 113 Loss 0.037261
Episode 114 Loss 0.033582
Episode 115 Loss 0.034565
Episode 116 Loss 0.034753
Episode 117 Loss 0.094591
Episode 118 Loss 0.028369
Episode 119 Loss 0.033065
Episode 120 Loss 0.026686
Episode 121 Loss 0.021407
Episode 122 Loss 0.036380
Episode 123 Loss 0.026277
Episode 124 Loss 0.027789
Episode 125 Loss 0.023156
Episode 126 Loss 0.023647
Episode 127 Loss 0.035466
Episode 128 Loss 0.021789
Episode 129 Loss 0.028603
Episode 130 Loss 0.038324
Episode 131 Loss 0.043867
Episode 132 Loss 0.020153
Episode 133 Loss 0.031804
Episode 134 Loss 0.032923
Episode 135 Loss 0.021370
Episode 136 Loss 0.026840
Episode 137 Loss 0.030919
Episode 138 Loss 0.023638
Episode 139 Loss 0.020843
Episode 140 Loss 0.024089
Episode 141 Loss 0.024997
Episode 142 Loss 0.029344
Episode 143 Loss 0.022448
Episode 144 Loss 0.039972
Episode 145 Loss 0.028924
Episode 146 Loss 0.017662
Episode 147 Loss 0.031122
Episode 148 Loss 0.029738
Episode 149 Loss 0.027283
Episode 150 Loss 0.033064
Episode 151 Loss 0.021512
Episode 152 Loss 0.027629
Episode 153 Loss 0.027774
Episode 154 Loss 0.039469
Episode 155 Loss 0.029759
Episode 156 Loss 0.024496
Episode 157 Loss 0.028723
Episode 158 Loss 0.022873
Episode 159 Loss 0.021443
Episode 160 Loss 0.028833
Episode 161 Loss 0.037426
Episode 162 Loss 0.029707
Episode 163 Loss 0.037635
Episode 164 Loss 0.026390
Episode 165 Loss 0.034116
Episode 166 Loss 0.017072
Episode 167 Loss 0.030880
Episode 168 Loss 0.028903
Episode 169 Loss 0.034919
Episode 170 Loss 0.033829
Episode 171 Loss 0.026826
Episode 172 Loss 0.018780
Episode 173 Loss 0.030763
Episode 174 Loss 0.030337
Episode 175 Loss 0.024459
Episode 176 Loss 0.018940
Episode 177 Loss 0.023472
Episode 178 Loss 0.035736
Episode 179 Loss 0.017643
Episode 180 Loss 0.020726
Episode 181 Loss 0.046592
Episode 182 Loss 0.033480
Episode 183 Loss 0.024127
Episode 184 Loss 0.032297
Episode 185 Loss 0.018377
Episode 186 Loss 0.020930
Episode 187 Loss 0.024482
Episode 188 Loss 0.031490
Episode 189 Loss 0.020549
Episode 190 Loss 0.022564
Episode 191 Loss 0.028320
Episode 192 Loss 0.023957
Episode 193 Loss 0.018320
Episode 194 Loss 0.031667
Episode 195 Loss 0.034303
Episode 196 Loss 0.021601
Episode 197 Loss 0.026632
Episode 198 Loss 0.026795
Episode 199 Loss 0.036139
Episode 200 Loss 0.021266
Episode 201 Loss 0.034146
Episode 202 Loss 0.022359
Episode 203 Loss 0.021512
Episode 204 Loss 0.026613
Episode 205 Loss 0.027652
Episode 206 Loss 0.027784
Episode 207 Loss 0.031909
Episode 208 Loss 0.024720
Episode 209 Loss 0.020871
Episode 210 Loss 0.027669
Episode 211 Loss 0.032845
Episode 212 Loss 0.034151
Episode 213 Loss 0.024969
Episode 214 Loss 0.035107
Episode 215 Loss 0.028743
Episode 216 Loss 0.024976
Episode 217 Loss 0.029428
Episode 218 Loss 0.025293
Episode 219 Loss 0.029320
Episode 220 Loss 0.028522
Episode 221 Loss 0.025668
Episode 222 Loss 0.030626
Episode 223 Loss 0.044383
Episode 224 Loss 0.032149
Episode 225 Loss 0.023911
Episode 226 Loss 0.033757
Episode 227 Loss 0.020463
Episode 228 Loss 0.023942
Episode 229 Loss 0.033998
Episode 230 Loss 0.026190
Episode 231 Loss 0.026573
Episode 232 Loss 0.025439
Episode 233 Loss 0.032486
Episode 234 Loss 0.039188
Episode 235 Loss 0.032634
Episode 236 Loss 0.040033
Episode 237 Loss 0.038149
Episode 238 Loss 0.029065
Episode 239 Loss 0.025128
Episode 240 Loss 0.033307
Episode 241 Loss 0.025805
Episode 242 Loss 0.026600
Episode 243 Loss 0.038957
Episode 244 Loss 0.047418
Episode 245 Loss 0.031956
Episode 246 Loss 0.022768
Episode 247 Loss 0.051709
Episode 248 Loss 0.025672
Episode 249 Loss 0.021924
Episode 250 Loss 0.026393
Episode 251 Loss 0.025060
Episode 252 Loss 0.021677
Episode 253 Loss 0.030508
Episode 254 Loss 0.028791
Episode 255 Loss 0.025757
Episode 256 Loss 0.019927
Episode 257 Loss 0.043808
Episode 258 Loss 0.031837
Episode 259 Loss 0.028677
Episode 260 Loss 0.029348
Episode 261 Loss 0.025303
Episode 262 Loss 0.030829
Episode 263 Loss 0.023418
Episode 264 Loss 0.031480
Episode 265 Loss 0.021049
Episode 266 Loss 0.033364
Episode 267 Loss 0.038386
Episode 268 Loss 0.030679
Episode 269 Loss 0.034241
Episode 270 Loss 0.022612
Episode 271 Loss 0.029995
Episode 272 Loss 0.024377
Episode 273 Loss 0.025320
Episode 274 Loss 0.030313
Episode 275 Loss 0.018804
Episode 276 Loss 0.018159
Episode 277 Loss 0.024709
Episode 278 Loss 0.030809
Episode 279 Loss 0.025332
Episode 280 Loss 0.026080
Episode 281 Loss 0.026702
Episode 282 Loss 0.033812
Episode 283 Loss 0.027507
Episode 284 Loss 0.038442
Episode 285 Loss 0.030472
Episode 286 Loss 0.030679
Episode 287 Loss 0.018707
Episode 288 Loss 0.017459
Episode 289 Loss 0.023452
Episode 290 Loss 0.025349
Episode 291 Loss 0.039632
Episode 292 Loss 0.027216
Episode 293 Loss 0.031721
Episode 294 Loss 0.028706
Episode 295 Loss 0.019449
Episode 296 Loss 0.022890
Episode 297 Loss 0.017418
Episode 298 Loss 0.030960
Episode 299 Loss 0.016891
Episode 300 Loss 0.022508
Episode 301 Loss 0.034377
Episode 302 Loss 0.032780
Episode 303 Loss 0.018684
Episode 304 Loss 0.018910
Episode 305 Loss 0.026267
Episode 306 Loss 0.036465
Episode 307 Loss 0.035779
Episode 308 Loss 0.020346
Episode 309 Loss 0.027046
Episode 310 Loss 0.013171
Episode 311 Loss 0.028348
Episode 312 Loss 0.020933
Episode 313 Loss 0.016274
Episode 314 Loss 0.028520
Episode 315 Loss 0.027168
Episode 316 Loss 0.029797
Episode 317 Loss 0.047360
Episode 318 Loss 0.024993pretrain.py:87: SettingWithCopyWarning: 
A value is trying to be set on a copy of a slice from a DataFrame

See the caveats in the documentation: https://pandas.pydata.org/pandas-docs/stable/user_guide/indexing.html#returning-a-view-versus-a-copy
  self._waitlist_samples['start'][i] += int(steps)

Episode 319 Loss 0.036789
Episode 320 Loss 0.035089
Episode 321 Loss 0.026526
Episode 322 Loss 0.019508
Episode 323 Loss 0.032645
Episode 324 Loss 0.026536
Episode 325 Loss 0.022067
Episode 326 Loss 0.032582
Episode 327 Loss 0.025032
Episode 328 Loss 0.020863
Episode 329 Loss 0.033786
Episode 330 Loss 0.037917
Episode 331 Loss 0.023193
Episode 332 Loss 0.031256
Episode 333 Loss 0.033996
Episode 334 Loss 0.023015
Episode 335 Loss 0.030881
Episode 336 Loss 0.022169
Episode 337 Loss 0.029334
Episode 338 Loss 0.024799
Episode 339 Loss 0.036499
Episode 340 Loss 0.028172
Episode 341 Loss 0.033853
Episode 342 Loss 0.029710
Episode 343 Loss 0.025571
Episode 344 Loss 0.022458
Episode 345 Loss 0.023326
Episode 346 Loss 0.032212
Episode 347 Loss 0.021058
Episode 348 Loss 0.027560
Episode 349 Loss 0.032455
Episode 350 Loss 0.022900
Episode 351 Loss 0.035775
Episode 352 Loss 0.023619
Episode 353 Loss 0.024052
Episode 354 Loss 0.024335
Episode 355 Loss 0.032760
Episode 356 Loss 0.015380
Episode 357 Loss 0.021707
Episode 358 Loss 0.023667
Episode 359 Loss 0.029361
Episode 360 Loss 0.031980
Episode 361 Loss 0.017638
Episode 362 Loss 0.024700
Episode 363 Loss 0.035760
Episode 364 Loss 0.030742
Episode 365 Loss 0.036892
Episode 366 Loss 0.026922
Episode 367 Loss 0.023474
Episode 368 Loss 0.017218
Episode 369 Loss 0.031460
Episode 370 Loss 0.028052
Episode 371 Loss 0.024785
Episode 372 Loss 0.036069
Episode 373 Loss 0.032017
Episode 374 Loss 0.027106
Episode 375 Loss 0.027521
Episode 376 Loss 0.020508
Episode 377 Loss 0.030331
Episode 378 Loss 0.038990
Episode 379 Loss 0.028888
Episode 380 Loss 0.024194
Episode 381 Loss 0.044226
Episode 382 Loss 0.029892
Episode 383 Loss 0.038146
Episode 384 Loss 0.022944
Episode 385 Loss 0.026207
Episode 386 Loss 0.026789
Episode 387 Loss 0.020023
Episode 388 Loss 0.040390
Episode 389 Loss 0.027799
Episode 390 Loss 0.027862
Episode 391 Loss 0.032741
Episode 392 Loss 0.025566
Episode 393 Loss 0.012810
Episode 394 Loss 0.033706
Episode 395 Loss 0.021921
Episode 396 Loss 0.023935
Episode 397 Loss 0.028933
Episode 398 Loss 0.026674
Episode 399 Loss 0.031617
Episode 400 Loss 0.019704
Episode 401 Loss 0.024703
Episode 402 Loss 0.034923
Episode 403 Loss 0.027129
Episode 404 Loss 0.030097
Episode 405 Loss 0.040640
Episode 406 Loss 0.038841
Episode 407 Loss 0.023473
Episode 408 Loss 0.022386
Episode 409 Loss 0.028894
Episode 410 Loss 0.019653
Episode 411 Loss 0.046005
Episode 412 Loss 0.028399
Episode 413 Loss 0.025350
Episode 414 Loss 0.020414
Episode 415 Loss 0.032702
Episode 416 Loss 0.032257
Episode 417 Loss 0.041071
Episode 418 Loss 0.029150
Episode 419 Loss 0.036158
Episode 420 Loss 0.022574
Episode 421 Loss 0.029465
Episode 422 Loss 0.025293
Episode 423 Loss 0.032603
Episode 424 Loss 0.021289
Episode 425 Loss 0.030497
Episode 426 Loss 0.029559
Episode 427 Loss 0.039604
Episode 428 Loss 0.035177
Episode 429 Loss 0.038649
Episode 430 Loss 0.029798
Episode 431 Loss 0.036408
Episode 432 Loss 0.030677
Episode 433 Loss 0.025419
Episode 434 Loss 0.030908
Episode 435 Loss 0.025693
Episode 436 Loss 0.023937
Episode 437 Loss 0.028317
Episode 438 Loss 0.031357
Episode 439 Loss 0.028327
Episode 440 Loss 0.021731
Episode 441 Loss 0.026341
Episode 442 Loss 0.018463
Episode 443 Loss 0.023561
Episode 444 Loss 0.037922
Episode 445 Loss 0.030839
Episode 446 Loss 0.018039
Episode 447 Loss 0.028353
Episode 448 Loss 0.030859
Episode 449 Loss 0.029133
Episode 450 Loss 0.019786
Episode 451 Loss 0.024527
Episode 452 Loss 0.023147
Episode 453 Loss 0.021875
Episode 454 Loss 0.023541
Episode 455 Loss 0.030083
Episode 456 Loss 0.037795
Episode 457 Loss 0.022091
Episode 458 Loss 0.023911
Episode 459 Loss 0.025678
Episode 460 Loss 0.024924
Episode 461 Loss 0.024318
Episode 462 Loss 0.031278
Episode 463 Loss 0.025985
Episode 464 Loss 0.037172
Episode 465 Loss 0.024428
Episode 466 Loss 0.027677
Episode 467 Loss 0.031091
Episode 468 Loss 0.038930
Episode 469 Loss 0.039672
Episode 470 Loss 0.027974
Episode 471 Loss 0.033025
Episode 472 Loss 0.035678
Episode 473 Loss 0.037421
Episode 474 Loss 0.040377
Episode 475 Loss 0.023914
Episode 476 Loss 0.032731
Episode 477 Loss 0.019659
Episode 478 Loss 0.017882
Episode 479 Loss 0.041285
Episode 480 Loss 0.040714
Episode 481 Loss 0.019434
Episode 482 Loss 0.030604
Episode 483 Loss 0.041054
Episode 484 Loss 0.024551
Episode 485 Loss 0.036345
Episode 486 Loss 0.032401
Episode 487 Loss 0.031323
Episode 488 Loss 0.019138
Episode 489 Loss 0.031149
Episode 490 Loss 0.020599
Episode 491 Loss 0.034555
Episode 492 Loss 0.018903
Episode 493 Loss 0.024127
Episode 494 Loss 0.025034
Episode 495 Loss 0.026997
Episode 496 Loss 0.039258
Episode 497 Loss 0.041908
Episode 498 Loss 0.030826
Episode 499 Loss 0.027965
Pretraining Done.
Environment Name: quadruped-v2
running build_ext
