Traceback (most recent call last):
  File "generate_reference.py", line 22, in <module>
    fp, pathname, description = imp.find_module(module_name)
  File "/usr/lib/python3.6/imp.py", line 297, in find_module
    raise ImportError(_ERR_MSG.format(name), name=name)
ImportError: No module named 'simualtions'
running build_ext
running build_ext
Module Initialized. Starting.
running build_ext
Starting Data Generation.
Traceback (most recent call last):
  File "generate_reference.py", line 41, in <module>
    class_name
  File "/home/ubuntu/OmnidirectionalController/utils/data_generator.py", line 35, in generate_multi_goal_gait_data
    ob, reward, done, info = env.step(ac)
  File "/home/ubuntu/OmnidirectionalController/simulations/quadruped.py", line 293, in step
    reward, done, info = self.do_simulation(action, n_frames = self._frame_skip)
  File "/home/ubuntu/OmnidirectionalController/simulations/quadruped.py", line 462, in do_simulation
    self.sim.step()
KeyboardInterrupt
Module Initialized. Starting.
running build_ext
Module Initialized. Starting.
running build_ext
Module Initialized.
running build_ext
Starting.
Starting Data Generation.
TOTAL STEPS: 0
TOTAL STEPS: 3941
TOTAL STEPS: 9692
TOTAL STEPS: 17165
TOTAL STEPS: 24853
TOTAL STEPS: 29300
TOTAL STEPS: 33600
TOTAL STEPS: 41647
TOTAL STEPS: 46090
TOTAL STEPS: 51568
TOTAL STEPS: 56062
TOTAL STEPS: 60760
TOTAL STEPS: 67960
TOTAL STEPS: 74535
TOTAL STEPS: 87135
TOTAL STEPS: 107845
TOTAL STEPS: 113234
TOTAL STEPS: 124914
TOTAL STEPS: 129829
TOTAL STEPS: 133736
TOTAL STEPS: 139514
TOTAL STEPS: 139561
TOTAL STEPS: 146585
TOTAL STEPS: 152896
TOTAL STEPS: 160096
TOTAL STEPS: 168196
TOTAL STEPS: 172386
TOTAL STEPS: 176716
TOTAL STEPS: 186130
TOTAL STEPS: 190295
TOTAL STEPS: 196255
TOTAL STEPS: 202458
TOTAL STEPS: 206098
TOTAL STEPS: 209738
TOTAL STEPS: 228620
TOTAL STEPS: 234823
TOTAL STEPS: 240358
TOTAL STEPS: 245204
TOTAL STEPS: 250388
TOTAL STEPS: 254562
TOTAL STEPS: 260550
TOTAL STEPS: 264415
TOTAL STEPS: 271006
TOTAL STEPS: 276844
TOTAL STEPS: 282729
TOTAL STEPS: 287822
TOTAL STEPS: 292162
TOTAL STEPS: 303832
TOTAL STEPS: 307624
TOTAL STEPS: 314904
TOTAL STEPS: 320669
TOTAL STEPS: 325835
TOTAL STEPS: 332852
TOTAL STEPS: 337985
TOTAL STEPS: 342044
TOTAL STEPS: 346367
TOTAL STEPS: 353384
TOTAL STEPS: 357902
TOTAL STEPS: 361667
TOTAL STEPS: 370313
TOTAL STEPS: 383550
TOTAL STEPS: 387790
TOTAL STEPS: 392538
TOTAL STEPS: 396466
TOTAL STEPS: 401658
TOTAL STEPS: 405476
TOTAL STEPS: 409289
TOTAL STEPS: 413629
TOTAL STEPS: 440452
TOTAL STEPS: 449702
TOTAL STEPS: 459878
TOTAL STEPS: 463940
TOTAL STEPS: 478608
TOTAL STEPS: 486384
TOTAL STEPS: 496584
TOTAL STEPS: 502140
TOTAL STEPS: 506659
TOTAL STEPS: 521619
TOTAL STEPS: 533718
TOTAL STEPS: 537502
TOTAL STEPS: 549496
TOTAL STEPS: 555193
TOTAL STEPS: 561347
TOTAL STEPS: 570805
TOTAL STEPS: 575274
TOTAL STEPS: 579802
TOTAL STEPS: 583828
TOTAL STEPS: 589358
TOTAL STEPS: 593868
TOTAL STEPS: 598613
TOTAL STEPS: 604463
TOTAL STEPS: 608657
TOTAL STEPS: 612544
TOTAL STEPS: 616342
TOTAL STEPS: 621872
TOTAL STEPS: 626787
TOTAL STEPS: 633750
TOTAL STEPS: 637637
TOTAL STEPS: 642166
TOTAL STEPS: 646228
TOTAL STEPS: 650253
TOTAL STEPS: 650302
TOTAL STEPS: 654948
TOTAL STEPS: 659863
TOTAL STEPS: 665823
TOTAL STEPS: 669886
TOTAL STEPS: 673951
TOTAL STEPS: 678460
TOTAL STEPS: 683607
TOTAL STEPS: 689360
TOTAL STEPS: 695960
TOTAL STEPS: 699885
TOTAL STEPS: 705209
TOTAL STEPS: 712001
TOTAL STEPS: 725656
TOTAL STEPS: 732996
TOTAL STEPS: 739257
TOTAL STEPS: 745221
TOTAL STEPS: 750720
TOTAL STEPS: 766920
TOTAL STEPS: 770716
TOTAL STEPS: 775832
TOTAL STEPS: 784478
TOTAL STEPS: 788924
TOTAL STEPS: 794033
TOTAL STEPS: 799149
TOTAL STEPS: 802947
TOTAL STEPS: 807267
TOTAL STEPS: 818887
TOTAL STEPS: 824765
TOTAL STEPS: 835052
TOTAL STEPS: 840803
TOTAL STEPS: 848003
TOTAL STEPS: 862768
TOTAL STEPS: 879292
TOTAL STEPS: 884822
TOTAL STEPS: 889016
TOTAL STEPS: 896216
TOTAL STEPS: 903416
TOTAL STEPS: 910346
TOTAL STEPS: 916209
TOTAL STEPS: 921598
TOTAL STEPS: 926092
TOTAL STEPS: 930560
TOTAL STEPS: 935429
TOTAL STEPS: 943993
TOTAL STEPS: 956420
TOTAL STEPS: 977548
TOTAL STEPS: 981737
TOTAL STEPS: 987353
TOTAL STEPS: 1003637
TOTAL STEPS: 1007714
TOTAL STEPS: 1029169
TOTAL STEPS: 1034034
TOTAL STEPS: 1038089
TOTAL STEPS: 1042409
TOTAL STEPS: 1060279
TOTAL STEPS: 1065809
TOTAL STEPS: 1092807
TOTAL STEPS: 1101936
TOTAL STEPS: 1106805
TOTAL STEPS: 1111295
TOTAL STEPS: 1117133
TOTAL STEPS: 1122637
TOTAL STEPS: 1127086
TOTAL STEPS: 1134286
TOTAL STEPS: 1141328
TOTAL STEPS: 1148528
TOTAL STEPS: 1152320
TOTAL STEPS: 1158167
TOTAL STEPS: 1163082
TOTAL STEPS: 1167108
TOTAL STEPS: 1171016
TOTAL STEPS: 1176873
TOTAL STEPS: 1193073
TOTAL STEPS: 1197150
TOTAL STEPS: 1202739
TOTAL STEPS: 1215159
TOTAL STEPS: 1224975
TOTAL STEPS: 1228881
TOTAL STEPS: 1233972
TOTAL STEPS: 1238073
TOTAL STEPS: 1242728
TOTAL STEPS: 1247048
TOTAL STEPS: 1250798
TOTAL STEPS: 1262662
TOTAL STEPS: 1267554
TOTAL STEPS: 1271998
TOTAL STEPS: 1275796
TOTAL STEPS: 1279846
TOTAL STEPS: 1284040
TOTAL STEPS: 1289159
TOTAL STEPS: 1293064
TOTAL STEPS: 1299373
TOTAL STEPS: 1303187
TOTAL STEPS: 1308323
TOTAL STEPS: 1319001
TOTAL STEPS: 1323011
TOTAL STEPS: 1331575
TOTAL STEPS: 1336711
TOTAL STEPS: 1340372
TOTAL STEPS: 1360696
TOTAL STEPS: 1364778
TOTAL STEPS: 1373490
TOTAL STEPS: 1377311
TOTAL STEPS: 1382458
TOTAL STEPS: 1386521
TOTAL STEPS: 1390450
TOTAL STEPS: 1402411
TOTAL STEPS: 1406244
TOTAL STEPS: 1411414
TOTAL STEPS: 1415496
TOTAL STEPS: 1424812
TOTAL STEPS: 1430000
TOTAL STEPS: 1435425
TOTAL STEPS: 1440321
TOTAL STEPS: 1456389
TOTAL STEPS: 1461274
TOTAL STEPS: 1466139
TOTAL STEPS: 1471614
TOTAL STEPS: 1477089
TOTAL STEPS: 1483640
TOTAL STEPS: 1488805
TOTAL STEPS: 1492865
TOTAL STEPS: 1502261
TOTAL STEPS: 1506443
TOTAL STEPS: 1522688
TOTAL STEPS: 1526749
TOTAL STEPS: 1531885
TOTAL STEPS: 1537717
TOTAL STEPS: 1541760
TOTAL STEPS: 1551068
TOTAL STEPS: 1561602
TOTAL STEPS: 1569288
TOTAL STEPS: 1573104
TOTAL STEPS: 1577042
TOTAL STEPS: 1581110
TOTAL STEPS: 1586284
TOTAL STEPS: 1590036
TOTAL STEPS: 1594737
TOTAL STEPS: 1604133
TOTAL STEPS: 1604184
TOTAL STEPS: 1611025
TOTAL STEPS: 1620415
TOTAL STEPS: 1631319
TOTAL STEPS: 1635659
TOTAL STEPS: 1639424
TOTAL STEPS: 1650275
TOTAL STEPS: 1654337
TOTAL STEPS: 1659450
TOTAL STEPS: 1664906
TOTAL STEPS: 1668574
TOTAL STEPS: 1676716
TOTAL STEPS: 1680384
TOTAL STEPS: 1686984
TOTAL STEPS: 1691729
TOTAL STEPS: 1709903
TOTAL STEPS: 1714818
TOTAL STEPS: 1741462
TOTAL STEPS: 1745521
TOTAL STEPS: 1760257
TOTAL STEPS: 1764457
TOTAL STEPS: 1775410
TOTAL STEPS: 1779855
TOTAL STEPS: 1789089
TOTAL STEPS: 1796289
TOTAL STEPS: 1801178
TOTAL STEPS: 1809783
TOTAL STEPS: 1840983
TOTAL STEPS: 1847549
TOTAL STEPS: 1851581
TOTAL STEPS: 1856332
TOTAL STEPS: 1861155
TOTAL STEPS: 1866600
TOTAL STEPS: 1872696
TOTAL STEPS: 1877145
TOTAL STEPS: 1909105
TOTAL STEPS: 1914635
TOTAL STEPS: 1919083
TOTAL STEPS: 1922866
TOTAL STEPS: 1927307
TOTAL STEPS: 1932145
TOTAL STEPS: 1936204
TOTAL STEPS: 1940094
TOTAL STEPS: 1947434
TOTAL STEPS: 1952193
TOTAL STEPS: 1956494
TOTAL STEPS: 1960382
TOTAL STEPS: 1971233
TOTAL STEPS: 1975967
TOTAL STEPS: 1980038
TOTAL STEPS: 1990214
TOTAL STEPS: 1994684
TOTAL STEPS: 1999983
TOTAL STEPS: 2004323
TOTAL STEPS: 2008345
TOTAL STEPS: 2020020
TOTAL STEPS: 2024079
TOTAL STEPS: 2027859
TOTAL STEPS: 2035585
TOTAL STEPS: 2040886
TOTAL STEPS: 2046055
TOTAL STEPS: 2050812
TOTAL STEPS: 2054874
TOTAL STEPS: 2058685
TOTAL STEPS: 2062885
TOTAL STEPS: 2089837
TOTAL STEPS: 2097941
TOTAL STEPS: 2102833
TOTAL STEPS: 2106921
TOTAL STEPS: 2111278
TOTAL STEPS: 2125882
TOTAL STEPS: 2130648
TOTAL STEPS: 2134439
TOTAL STEPS: 2138258
TOTAL STEPS: 2164946
TOTAL STEPS: 2169006
TOTAL STEPS: 2173530
TOTAL STEPS: 2177715
TOTAL STEPS: 2183358
TOTAL STEPS: 2188107
TOTAL STEPS: 2193253
TOTAL STEPS: 2202853
TOTAL STEPS: 2209098
TOTAL STEPS: 2216298
TOTAL STEPS: 2235366
TOTAL STEPS: 2240466
TOTAL STEPS: 2250654
TOTAL STEPS: 2254441
TOTAL STEPS: 2258482
TOTAL STEPS: 2266282
TOTAL STEPS: 2271452
TOTAL STEPS: 2277034
TOTAL STEPS: 2281778
TOTAL STEPS: 2286957
TOTAL STEPS: 2298918
TOTAL STEPS: 2303250
TOTAL STEPS: 2307590
TOTAL STEPS: 2312072
TOTAL STEPS: 2325650
TOTAL STEPS: 2358050
TOTAL STEPS: 2371628
TOTAL STEPS: 2377128
TOTAL STEPS: 2383041
TOTAL STEPS: 2387119
TOTAL STEPS: 2392034
TOTAL STEPS: 2398826
TOTAL STEPS: 2404382
TOTAL STEPS: 2408181
TOTAL STEPS: 2420142
TOTAL STEPS: 2423909
TOTAL STEPS: 2429439
TOTAL STEPS: 2435079
TOTAL STEPS: 2442076
TOTAL STEPS: 2446157
TOTAL STEPS: 2451492
TOTAL STEPS: 2460969
TOTAL STEPS: 2467240
TOTAL STEPS: 2471436
TOTAL STEPS: 2479548
TOTAL STEPS: 2483494
TOTAL STEPS: 2488072
TOTAL STEPS: 2498368
TOTAL STEPS: 2509218
TOTAL STEPS: 2514092
TOTAL STEPS: 2522003
TOTAL STEPS: 2531575
TOTAL STEPS: 2544847
TOTAL STEPS: 2549712
TOTAL STEPS: 2557052
TOTAL STEPS: 2561405
TOTAL STEPS: 2565934
TOTAL STEPS: 2612134
TOTAL STEPS: 2617239
TOTAL STEPS: 2621721
TOTAL STEPS: 2628715
TOTAL STEPS: 2636055
TOTAL STEPS: 2640136
TOTAL STEPS: 2650986
TOTAL STEPS: 2657287
TOTAL STEPS: 2664315
TOTAL STEPS: 2669640
TOTAL STEPS: 2676321
TOTAL STEPS: 2680161
TOTAL STEPS: 2684001
TOTAL STEPS: 2690145
TOTAL STEPS: 2697841
TOTAL STEPS: 2703145
TOTAL STEPS: 2707193
TOTAL STEPS: 2711461
TOTAL STEPS: 2718453
TOTAL STEPS: 2722721
TOTAL STEPS: 2726561
TOTAL STEPS: 2730609
TOTAL STEPS: 2739145
TOTAL STEPS: 2743413
TOTAL STEPS: 2747253
TOTAL STEPS: 2754949
TOTAL STEPS: 2758997
TOTAL STEPS: 2766677
TOTAL STEPS: 2770725
TOTAL STEPS: 2774595
TOTAL STEPS: 2779715
TOTAL STEPS: 2785414
TOTAL STEPS: 2791113
TOTAL STEPS: 2794953
TOTAL STEPS: 2798527
TOTAL STEPS: 2804015
TOTAL STEPS: 2808063
TOTAL STEPS: 2812331
TOTAL STEPS: 2816171
TOTAL STEPS: 2820219
TOTAL STEPS: 2826363
TOTAL STEPS: 2829937
TOTAL STEPS: 2836353
TOTAL STEPS: 2844889
TOTAL STEPS: 2849689
TOTAL STEPS: 2853529
TOTAL STEPS: 2864509
TOTAL STEPS: 2874109
TOTAL STEPS: 2878157
TOTAL STEPS: 2881745
TOTAL STEPS: 2885585
TOTAL STEPS: 2891729
TOTAL STEPS: 2913697
TOTAL STEPS: 2919396
TOTAL STEPS: 2924516
TOTAL STEPS: 2928356
TOTAL STEPS: 2932196
TOTAL STEPS: 2936464
TOTAL STEPS: 2940512
TOTAL STEPS: 2948600
TOTAL STEPS: 2953904
TOTAL STEPS: 2957952
TOTAL STEPS: 2962000
TOTAL STEPS: 2966048
TOTAL STEPS: 2969888
TOTAL STEPS: 2977568
TOTAL STEPS: 2981408
TOTAL STEPS: 2986712
TOTAL STEPS: 2991832
TOTAL STEPS: 2999952
TOTAL STEPS: 3004476
TOTAL STEPS: 3008744
TOTAL STEPS: 3015160
TOTAL STEPS: 3022152
TOTAL STEPS: 3030688
TOTAL STEPS: 3034528
TOTAL STEPS: 3039052
TOTAL STEPS: 3045733
TOTAL STEPS: 3049573
TOTAL STEPS: 3054097
TOTAL STEPS: 3076041
TOTAL STEPS: 3083737
TOTAL STEPS: 3092774
TOTAL STEPS: 3096822
TOTAL STEPS: 3100662
TOTAL STEPS: 3106361
TOTAL STEPS: 3111849
TOTAL STEPS: 3117548
TOTAL STEPS: 3122072
TOTAL STEPS: 3127397
TOTAL STEPS: 3131445
TOTAL STEPS: 3137845
TOTAL STEPS: 3142113
TOTAL STEPS: 3150653
TOTAL STEPS: 3154493
TOTAL STEPS: 3159017
TOTAL STEPS: 3165161
TOTAL STEPS: 3170465
TOTAL STEPS: 3175265
TOTAL STEPS: 3182257
TOTAL STEPS: 3186305
TOTAL STEPS: 3196546
TOTAL STEPS: 3200814
TOTAL STEPS: 3206958
TOTAL STEPS: 3212078
TOTAL STEPS: 3220175
TOTAL STEPS: 3226319
TOTAL STEPS: 3230843
TOTAL STEPS: 3234891
TOTAL STEPS: 3242236
TOTAL STEPS: 3246076
TOTAL STEPS: 3250876
TOTAL STEPS: 3254450
TOTAL STEPS: 3258974
TOTAL STEPS: 3267062
TOTAL STEPS: 3272761
TOTAL STEPS: 3276809
TOTAL STEPS: 3280649
TOTAL STEPS: 3290891
TOTAL STEPS: 3294939
TOTAL STEPS: 3298779
TOTAL STEPS: 3320751
TOTAL STEPS: 3324325
TOTAL STEPS: 3328165
TOTAL STEPS: 3332213
TOTAL STEPS: 3337013
TOTAL STEPS: 3341061
TOTAL STEPS: 3345329
TOTAL STEPS: 3350129
TOTAL STEPS: 3358699
TOTAL STEPS: 3363819
TOTAL STEPS: 3367867
TOTAL STEPS: 3379690
TOTAL STEPS: 3384214
TOTAL STEPS: 3388054
TOTAL STEPS: 3393174
TOTAL STEPS: 3397974
TOTAL STEPS: 3406510
TOTAL STEPS: 3423582
TOTAL STEPS: 3428382
TOTAL STEPS: 3432430
TOTAL STEPS: 3437550
TOTAL STEPS: 3442350
TOTAL STEPS: 3446874
TOTAL STEPS: 3468858
TOTAL STEPS: 3472698
TOTAL STEPS: 3480378
TOTAL STEPS: 3484902
TOTAL STEPS: 3488742
TOTAL STEPS: 3493027
TOTAL STEPS: 3497827
TOTAL STEPS: 3504819
TOTAL STEPS: 3508659
TOTAL STEPS: 3513183
TOTAL STEPS: 3525987
TOTAL STEPS: 3530035
TOTAL STEPS: 3538123
TOTAL STEPS: 3549107
TOTAL STEPS: 3553631
TOTAL STEPS: 3558431
TOTAL STEPS: 3562271
TOTAL STEPS: 3565845
TOTAL STEPS: 3571989
TOTAL STEPS: 3580086
TOTAL STEPS: 3585574
TOTAL STEPS: 3591718
TOTAL STEPS: 3595558
TOTAL STEPS: 3599606
TOTAL STEPS: 3603654
TOTAL STEPS: 3607509
TOTAL STEPS: 3611349
TOTAL STEPS: 3619045
TOTAL STEPS: 3625445
TOTAL STEPS: 3630245
TOTAL STEPS: 3635944
TOTAL STEPS: 3640212
TOTAL STEPS: 3646612
TOTAL STEPS: 3650880
TOTAL STEPS: 3655680
TOTAL STEPS: 3660204
TOTAL STEPS: 3669804
TOTAL STEPS: 3673644
TOTAL STEPS: 3677692
TOTAL STEPS: 3681532
TOTAL STEPS: 3685800
TOTAL STEPS: 3692200
TOTAL STEPS: 3696468
TOTAL STEPS: 3700736
TOTAL STEPS: 3706224
TOTAL STEPS: 3713244
TOTAL STEPS: 3720940
TOTAL STEPS: 3729028
TOTAL STEPS: 3740012
TOTAL STEPS: 3743852
TOTAL STEPS: 3748652
TOTAL STEPS: 3754796
TOTAL STEPS: 3759596
TOTAL STEPS: 3764716
TOTAL STEPS: 3768290
TOTAL STEPS: 3774706
TOTAL STEPS: 3783242
TOTAL STEPS: 3788546
TOTAL STEPS: 3792814
TOTAL STEPS: 3799806
TOTAL STEPS: 3806798
TOTAL STEPS: 3812102
TOTAL STEPS: 3816902
TOTAL STEPS: 3821702
TOTAL STEPS: 3825542
TOTAL STEPS: 3829606
TOTAL STEPS: 3833654
TOTAL STEPS: 3838178
TOTAL STEPS: 3843298
TOTAL STEPS: 3847346
TOTAL STEPS: 3852146
TOTAL STEPS: 3871346
TOTAL STEPS: 3876466
TOTAL STEPS: 3880306
TOTAL STEPS: 3884574
TOTAL STEPS: 3889374
TOTAL STEPS: 3893214
TOTAL STEPS: 3897738
TOTAL STEPS: 3909561
TOTAL STEPS: 3916242
TOTAL STEPS: 3920082
TOTAL STEPS: 3925386
TOTAL STEPS: 3930186
TOTAL STEPS: 3944163
TOTAL STEPS: 3948003
TOTAL STEPS: 3952545
TOTAL STEPS: 3957069
TOTAL STEPS: 3965605
TOTAL STEPS: 3969445
TOTAL STEPS: 3977981
TOTAL STEPS: 3983469
TOTAL STEPS: 3987737
TOTAL STEPS: 3996277
TOTAL STEPS: 4000801
TOTAL STEPS: 4004375
TOTAL STEPS: 4010074
TOTAL STEPS: 4015562
TOTAL STEPS: 4019610
TOTAL STEPS: 4025098
TOTAL STEPS: 4033186
TOTAL STEPS: 4037986
TOTAL STEPS: 4042034
TOTAL STEPS: 4047522
TOTAL STEPS: 4053938
TOTAL STEPS: 4061618
TOTAL STEPS: 4061669
TOTAL STEPS: 4065717
TOTAL STEPS: 4069557
TOTAL STEPS: 4073397
TOTAL STEPS: 4077665
TOTAL STEPS: 4081505
TOTAL STEPS: 4085345
TOTAL STEPS: 4091044
TOTAL STEPS: 4099132
TOTAL STEPS: 4103932
TOTAL STEPS: 4107772
TOTAL STEPS: 4112296
TOTAL STEPS: 4117784
TOTAL STEPS: 4123272
TOTAL STEPS: 4127112
TOTAL STEPS: 4133528
TOTAL STEPS: 4138832
TOTAL STEPS: 4151632
TOTAL STEPS: 4156936
TOTAL STEPS: 4165972
TOTAL STEPS: 4173317
TOTAL STEPS: 4177585
TOTAL STEPS: 4182109
TOTAL STEPS: 4193085
TOTAL STEPS: 4196925
TOTAL STEPS: 4201725
TOTAL STEPS: 4205993
TOTAL STEPS: 4210261
TOTAL STEPS: 4214101
TOTAL STEPS: 4220245
TOTAL STEPS: 4242193
TOTAL STEPS: 4246241
TOTAL STEPS: 4250081
TOTAL STEPS: 4253921
TOTAL STEPS: 4259620
TOTAL STEPS: 4266020
TOTAL STEPS: 4276996
TOTAL STEPS: 4281044
TOTAL STEPS: 4285312
TOTAL STEPS: 4289836
TOTAL STEPS: 4297999
TOTAL STEPS: 4303487
TOTAL STEPS: 4307535
TOTAL STEPS: 4315632
TOTAL STEPS: 4322948
TOTAL STEPS: 4326788
TOTAL STEPS: 4334876
TOTAL STEPS: 4339400
TOTAL STEPS: 4343668
TOTAL STEPS: 4347936
TOTAL STEPS: 4352204
TOTAL STEPS: 4356044
TOTAL STEPS: 4373116
TOTAL STEPS: 4376690
TOTAL STEPS: 4380958
TOTAL STEPS: 4386078
TOTAL STEPS: 4411734
TOTAL STEPS: 4418415
TOTAL STEPS: 4422939
TOTAL STEPS: 4429931
TOTAL STEPS: 4434769
TOTAL STEPS: 4438609
TOTAL STEPS: 4442183
TOTAL STEPS: 4446983
TOTAL STEPS: 4457224
TOTAL STEPS: 4479180
TOTAL STEPS: 4489420
TOTAL STEPS: 4493260
TOTAL STEPS: 4498060
TOTAL STEPS: 4502584
TOTAL STEPS: 4506424
TOTAL STEPS: 4510692
TOTAL STEPS: 4514266
TOTAL STEPS: 4518106
TOTAL STEPS: 4525098
TOTAL STEPS: 4542186
TOTAL STEPS: 4546454
TOTAL STEPS: 4556054
TOTAL STEPS: 4567886
TOTAL STEPS: 4571726
TOTAL STEPS: 4586874
TOTAL STEPS: 4590657
TOTAL STEPS: 4597385
TOTAL STEPS: 4601421
TOTAL STEPS: 4605446
TOTAL STEPS: 4613169
TOTAL STEPS: 4616928
TOTAL STEPS: 4627940
TOTAL STEPS: 4632260
TOTAL STEPS: 4636282
TOTAL STEPS: 4642135
TOTAL STEPS: 4646196
TOTAL STEPS: 4650516
TOTAL STEPS: 4655975
TOTAL STEPS: 4659760
TOTAL STEPS: 4664883
TOTAL STEPS: 4669683
TOTAL STEPS: 4679883
TOTAL STEPS: 4684602
TOTAL STEPS: 4692744
TOTAL STEPS: 4705911
TOTAL STEPS: 4715175
TOTAL STEPS: 4719669
TOTAL STEPS: 4728313
TOTAL STEPS: 4733803
TOTAL STEPS: 4737725
TOTAL STEPS: 4741539
TOTAL STEPS: 4750803
TOTAL STEPS: 4755163
TOTAL STEPS: 4759215
TOTAL STEPS: 4763166
TOTAL STEPS: 4769715
TOTAL STEPS: 4775175
TOTAL STEPS: 4787056
TOTAL STEPS: 4793018
TOTAL STEPS: 4797177
TOTAL STEPS: 4809235
TOTAL STEPS: 4816860
TOTAL STEPS: 4827750
TOTAL STEPS: 4832451
TOTAL STEPS: 4838683
TOTAL STEPS: 4864393
TOTAL STEPS: 4869239
TOTAL STEPS: 4874421
TOTAL STEPS: 4878608
TOTAL STEPS: 4882543
TOTAL STEPS: 4894661
TOTAL STEPS: 4902321
TOTAL STEPS: 4906386
TOTAL STEPS: 4911846
TOTAL STEPS: 4921147
TOTAL STEPS: 4925198
TOTAL STEPS: 4931975
TOTAL STEPS: 4935776
TOTAL STEPS: 4943761
TOTAL STEPS: 4979146
TOTAL STEPS: 5010694
TOTAL STEPS: 5016172
TOTAL STEPS: 5030494
TOTAL STEPS: 5034790
TOTAL STEPS: 5045696
TOTAL STEPS: 5050929
TOTAL STEPS: 5054979
TOTAL STEPS: 5059447
TOTAL STEPS: 5065298
TOTAL STEPS: 5071153
TOTAL STEPS: 5076657
TOTAL STEPS: 5080424
TOTAL STEPS: 5084472
TOTAL STEPS: 5088925
TOTAL STEPS: 5095256
TOTAL STEPS: 5099723
TOTAL STEPS: 5104474
TOTAL STEPS: 5108518
TOTAL STEPS: 5113101
TOTAL STEPS: 5118370
TOTAL STEPS: 5123845
TOTAL STEPS: 5129696
TOTAL STEPS: 5135610
TOTAL STEPS: 5141226
TOTAL STEPS: 5150639
TOTAL STEPS: 5154979
TOTAL STEPS: 5159461
TOTAL STEPS: 5166001
TOTAL STEPS: 5171505
TOTAL STEPS: 5176663
TOTAL STEPS: 5185788
TOTAL STEPS: 5189604
TOTAL STEPS: 5194293
TOTAL STEPS: 5217678
TOTAL STEPS: 5222411
TOTAL STEPS: 5226484
TOTAL STEPS: 5231376
TOTAL STEPS: 5239816
TOTAL STEPS: 5246657
TOTAL STEPS: 5251751
TOTAL STEPS: 5262655
TOTAL STEPS: 5268427
TOTAL STEPS: 5273273
TOTAL STEPS: 5278034
TOTAL STEPS: 5283704
TOTAL STEPS: 5288452
TOTAL STEPS: 5296363
TOTAL STEPS: 5302994
TOTAL STEPS: 5313242
TOTAL STEPS: 5340059
TOTAL STEPS: 5347191
TOTAL STEPS: 5352106
TOTAL STEPS: 5357695
TOTAL STEPS: 5365347
TOTAL STEPS: 5369114
TOTAL STEPS: 5377766
TOTAL STEPS: 5381837
TOTAL STEPS: 5386553
TOTAL STEPS: 5391324
TOTAL STEPS: 5396603
TOTAL STEPS: 5401449
TOTAL STEPS: 5416026
TOTAL STEPS: 5424631
TOTAL STEPS: 5430081
TOTAL STEPS: 5433916
TOTAL STEPS: 5454975
TOTAL STEPS: 5458791
TOTAL STEPS: 5464321
TOTAL STEPS: 5469480
TOTAL STEPS: 5473148
TOTAL STEPS: 5482198
TOTAL STEPS: 5490718
TOTAL STEPS: 5495633
TOTAL STEPS: 5500153
TOTAL STEPS: 5506003
TOTAL STEPS: 5512933
TOTAL STEPS: 5544301
TOTAL STEPS: 5548097
TOTAL STEPS: 5552586
TOTAL STEPS: 5559963
TOTAL STEPS: 5564158
TOTAL STEPS: 5568352
TOTAL STEPS: 5573495
TOTAL STEPS: 5577311
TOTAL STEPS: 5582643
TOTAL STEPS: 5589371
TOTAL STEPS: 5605735
TOTAL STEPS: 5611001
TOTAL STEPS: 5615516
TOTAL STEPS: 5619332
TOTAL STEPS: 5624787
TOTAL STEPS: 5630217
TOTAL STEPS: 5639296
TOTAL STEPS: 5644591
TOTAL STEPS: 5654015
TOTAL STEPS: 5662495
TOTAL STEPS: 5667649
TOTAL STEPS: 5672495
TOTAL STEPS: 5678680
TOTAL STEPS: 5684110
TOTAL STEPS: 5689898
TOTAL STEPS: 5694238
TOTAL STEPS: 5698578
TOTAL STEPS: 5702363
TOTAL STEPS: 5708033
TOTAL STEPS: 5714664
TOTAL STEPS: 5721295
TOTAL STEPS: 5728535
TOTAL STEPS: 5734386
TOTAL STEPS: 5738860
TOTAL STEPS: 5743606
TOTAL STEPS: 5747649
TOTAL STEPS: 5751849
TOTAL STEPS: 5757353
TOTAL STEPS: 5762176
TOTAL STEPS: 5765992
TOTAL STEPS: 5770461
TOTAL STEPS: 5776314
TOTAL STEPS: 5782450
TOTAL STEPS: 5786533
TOTAL STEPS: 5791010
TOTAL STEPS: 5795833
TOTAL STEPS: 5802343
TOTAL STEPS: 5806159
TOTAL STEPS: 5810278
TOTAL STEPS: 5818805
TOTAL STEPS: 5838803
TOTAL STEPS: 5842883
TOTAL STEPS: 5846967
TOTAL STEPS: 5851713
TOTAL STEPS: 5856261
TOTAL STEPS: 5862861
TOTAL STEPS: 5871399
TOTAL STEPS: 5876277
TOTAL STEPS: 5885114
TOTAL STEPS: 5888951
TOTAL STEPS: 5895241
TOTAL STEPS: 5901631
TOTAL STEPS: 5906379
TOTAL STEPS: 5911829
TOTAL STEPS: 5917653
TOTAL STEPS: 5928763
TOTAL STEPS: 5938880
TOTAL STEPS: 5945141
TOTAL STEPS: 5950333
TOTAL STEPS: 5961163
TOTAL STEPS: 5966428
TOTAL STEPS: 5971319
TOTAL STEPS: 5976809
TOTAL STEPS: 5982780
TOTAL STEPS: 5989317
TOTAL STEPS: 5993412
TOTAL STEPS: 5998669
TOTAL STEPS: 6009850
TOTAL STEPS: 6014552
TOTAL STEPS: 6019724
TOTAL STEPS: 6027392
TOTAL STEPS: 6033380
TOTAL STEPS: 6039710
TOTAL STEPS: 6045942
TOTAL STEPS: 6049887
TOTAL STEPS: 6053838
TOTAL STEPS: 6061106
TOTAL STEPS: 6070407
TOTAL STEPS: 6078104
TOTAL STEPS: 6083608
TOTAL STEPS: 6089744
TOTAL STEPS: 6101586
TOTAL STEPS: 6109698
TOTAL STEPS: 6115547
TOTAL STEPS: 6119357
TOTAL STEPS: 6123675
TOTAL STEPS: 6127995
TOTAL STEPS: 6132482
TOTAL STEPS: 6136507
TOTAL STEPS: 6142037
TOTAL STEPS: 6146952
TOTAL STEPS: 6151454
TOTAL STEPS: 6157010
TOTAL STEPS: 6175186
TOTAL STEPS: 6180586
TOTAL STEPS: 6187378
TOTAL STEPS: 6214334
TOTAL STEPS: 6247334
TOTAL STEPS: 6251674
TOTAL STEPS: 6294415
TOTAL STEPS: 6298473
TOTAL STEPS: 6302988
TOTAL STEPS: 6312454
TOTAL STEPS: 6316976
TOTAL STEPS: 6320865
TOTAL STEPS: 6325987
TOTAL STEPS: 6331491
TOTAL STEPS: 6336406
TOTAL STEPS: 6342576
TOTAL STEPS: 6346916
TOTAL STEPS: 6350926
TOTAL STEPS: 6358543
TOTAL STEPS: 6364073
TOTAL STEPS: 6380441
TOTAL STEPS: 6384918
TOTAL STEPS: 6390768
TOTAL STEPS: 6394565
TOTAL STEPS: 6398765
TOTAL STEPS: 6402584
TOTAL STEPS: 6406350
TOTAL STEPS: 6410690
TOTAL STEPS: 6414358
TOTAL STEPS: 6424416
TOTAL STEPS: 6430806
TOTAL STEPS: 6435275
TOTAL STEPS: 6439072
TOTAL STEPS: 6449272
TOTAL STEPS: 6458315
TOTAL STEPS: 6462113
TOTAL STEPS: 6468744
TOTAL STEPS: 6472944
TOTAL STEPS: 6476710
TOTAL STEPS: 6481817
TOTAL STEPS: 6487088
TOTAL STEPS: 6491560
TOTAL STEPS: 6496406
TOTAL STEPS: 6500746
TOTAL STEPS: 6510266
TOTAL STEPS: 6519416
TOTAL STEPS: 6527567
TOTAL STEPS: 6532266
TOTAL STEPS: 6538143
TOTAL STEPS: 6554343
TOTAL STEPS: 6559113
TOTAL STEPS: 6564028
TOTAL STEPS: 6568747
TOTAL STEPS: 6573217
TOTAL STEPS: 6577687
TOTAL STEPS: 6583147
TOTAL STEPS: 6587227
TOTAL STEPS: 6591027
TOTAL STEPS: 6595347
TOTAL STEPS: 6613523
TOTAL STEPS: 6621791
TOTAL STEPS: 6625698
TOTAL STEPS: 6632602
TOTAL STEPS: 6647554
TOTAL STEPS: 6653058
TOTAL STEPS: 6664070
TOTAL STEPS: 6669963
TOTAL STEPS: 6675200
TOTAL STEPS: 6680704
TOTAL STEPS: 6685596
TOTAL STEPS: 6690442
TOTAL STEPS: 6694956
TOTAL STEPS: 6736152
TOTAL STEPS: 6748857
TOTAL STEPS: 6752935
TOTAL STEPS: 6756995
TOTAL STEPS: 6761335
TOTAL STEPS: 6767725
TOTAL STEPS: 6771922
TOTAL STEPS: 6777247
TOTAL STEPS: 6781749
TOTAL STEPS: 6787338
TOTAL STEPS: 6792788
TOTAL STEPS: 6796456
TOTAL STEPS: 6800241
TOTAL STEPS: 6806025
TOTAL STEPS: 6809676
TOTAL STEPS: 6815456
TOTAL STEPS: 6819648
TOTAL STEPS: 6827916
TOTAL STEPS: 6831732
TOTAL STEPS: 6835511
TOTAL STEPS: 6840071
TOTAL STEPS: 6845687
TOTAL STEPS: 6849467
TOTAL STEPS: 6854995
TOTAL STEPS: 6861755
TOTAL STEPS: 6867155
TOTAL STEPS: 6874774
TOTAL STEPS: 6896822
TOTAL STEPS: 6901970
TOTAL STEPS: 6911152
TOTAL STEPS: 6944152
TOTAL STEPS: 6950000
TOTAL STEPS: 6956792
TOTAL STEPS: 6961697
TOTAL STEPS: 6965897
TOTAL STEPS: 6969722
TOTAL STEPS: 6974469
TOTAL STEPS: 6978531
TOTAL STEPS: 6985131
TOTAL STEPS: 6990581
TOTAL STEPS: 6996031
TOTAL STEPS: 6999854
TOTAL STEPS: 7006949
TOTAL STEPS: 7021689
TOTAL STEPS: 7025774
TOTAL STEPS: 7030496
TOTAL STEPS: 7035239
TOTAL STEPS: 7049927
TOTAL STEPS: 7054841
TOTAL STEPS: 7086792
TOTAL STEPS: 7091296
TOTAL STEPS: 7096454
TOTAL STEPS: 7101020
TOTAL STEPS: 7105124
TOTAL STEPS: 7111087
TOTAL STEPS: 7115019
TOTAL STEPS: 7128284
TOTAL STEPS: 7133468
TOTAL STEPS: 7140736
TOTAL STEPS: 7144782
TOTAL STEPS: 7154090
TOTAL STEPS: 7159922
TOTAL STEPS: 7165302
TOTAL STEPS: 7179744
TOTAL STEPS: 7184452
TOTAL STEPS: 7191300
TOTAL STEPS: 7198292
TOTAL STEPS: 7203529
TOTAL STEPS: 7209778
TOTAL STEPS: 7213938
TOTAL STEPS: 7228272
TOTAL STEPS: 7236810
TOTAL STEPS: 7242262
TOTAL STEPS: 7252342
TOTAL STEPS: 7256401
TOTAL STEPS: 7270063
TOTAL STEPS: 7274807
TOTAL STEPS: 7288417
TOTAL STEPS: 7294196
TOTAL STEPS: 7312285
TOTAL STEPS: 7321410
TOTAL STEPS: 7325916
TOTAL STEPS: 7332547
TOTAL STEPS: 7337016
TOTAL STEPS: 7343169
TOTAL STEPS: 7348619
TOTAL STEPS: 7352698
TOTAL STEPS: 7367370
TOTAL STEPS: 7372489
TOTAL STEPS: 7377952
TOTAL STEPS: 7384541
TOTAL STEPS: 7394562
TOTAL STEPS: 7398328
TOTAL STEPS: 7402140
TOTAL STEPS: 7408740
TOTAL STEPS: 7414155
TOTAL STEPS: 7417953
TOTAL STEPS: 7422420
TOTAL STEPS: 7428295
TOTAL STEPS: 7436777
TOTAL STEPS: 7445297
TOTAL STEPS: 7460371
TOTAL STEPS: 7476820
TOTAL STEPS: 7481289
TOTAL STEPS: 7485773
TOTAL STEPS: 7490894
TOTAL STEPS: 7504384
TOTAL STEPS: 7508390
TOTAL STEPS: 7513507
TOTAL STEPS: 7518306
TOTAL STEPS: 7523400
TOTAL STEPS: 7527862
TOTAL STEPS: 7532060
TOTAL STEPS: 7542221
TOTAL STEPS: 7547975
TOTAL STEPS: 7564341
TOTAL STEPS: 7568661
TOTAL STEPS: 7586749
TOTAL STEPS: 7593573
TOTAL STEPS: 7600833
TOTAL STEPS: 7608033
TOTAL STEPS: 7613160
TOTAL STEPS: 7617086
TOTAL STEPS: 7631912
TOTAL STEPS: 7636577
TOTAL STEPS: 7641246
TOTAL STEPS: 7645716
TOTAL STEPS: 7650452
TOTAL STEPS: 7659634
TOTAL STEPS: 7663827
TOTAL STEPS: 7678653
TOTAL STEPS: 7686804
TOTAL STEPS: 7719355
TOTAL STEPS: 7731271
TOTAL STEPS: 7739751
TOTAL STEPS: 7745281
TOTAL STEPS: 7750046
TOTAL STEPS: 7758392
TOTAL STEPS: 7781460
TOTAL STEPS: 7788081
TOTAL STEPS: 7792803
TOTAL STEPS: 7797548
TOTAL STEPS: 7804414
TOTAL STEPS: 7808099
TOTAL STEPS: 7812565
TOTAL STEPS: 7817255
TOTAL STEPS: 7820923
TOTAL STEPS: 7833378
TOTAL STEPS: 7837444
TOTAL STEPS: 7843803
TOTAL STEPS: 7858483
TOTAL STEPS: 7864011
TOTAL STEPS: 7877018
TOTAL STEPS: 7881502
TOTAL STEPS: 7885296
TOTAL STEPS: 7890696
TOTAL STEPS: 7895174
TOTAL STEPS: 7899514
TOTAL STEPS: 7904735
TOTAL STEPS: 7915535
TOTAL STEPS: 7919369
TOTAL STEPS: 7925522
TOTAL STEPS: 7929430
TOTAL STEPS: 7935309
TOTAL STEPS: 7939811
TOTAL STEPS: 7943860
TOTAL STEPS: 7947934
TOTAL STEPS: 7952391
TOTAL STEPS: 7960495
TOTAL STEPS: 7966026
TOTAL STEPS: 7970075
TOTAL STEPS: 7974543
Data Generation Done.
Done.
Thank you.
Module Initialized.
running build_ext
Starting.
Starting Data Generation.
TOTAL STEPS: 0
TOTAL STEPS: 55
TOTAL STEPS: 2432
TOTAL STEPS: 4872
TOTAL STEPS: 7174
TOTAL STEPS: 10174
TOTAL STEPS: 15666
TOTAL STEPS: 19776
TOTAL STEPS: 22168
TOTAL STEPS: 24302
TOTAL STEPS: 27178
TOTAL STEPS: 32645
TOTAL STEPS: 35230
TOTAL STEPS: 37827
TOTAL STEPS: 40142
TOTAL STEPS: 42961
TOTAL STEPS: 45683
TOTAL STEPS: 51506
TOTAL STEPS: 56062
TOTAL STEPS: 60058
TOTAL STEPS: 64402
TOTAL STEPS: 67002
TOTAL STEPS: 69220
TOTAL STEPS: 71620
TOTAL STEPS: 73840
TOTAL STEPS: 76060
TOTAL STEPS: 78198
TOTAL STEPS: 80873
TOTAL STEPS: 87921
TOTAL STEPS: 90779
TOTAL STEPS: 93524
TOTAL STEPS: 98774
TOTAL STEPS: 101521
TOTAL STEPS: 105531
TOTAL STEPS: 108091
TOTAL STEPS: 110651
TOTAL STEPS: 124567
TOTAL STEPS: 130567
TOTAL STEPS: 133622
TOTAL STEPS: 136261
TOTAL STEPS: 139723
TOTAL STEPS: 142773
TOTAL STEPS: 145147
TOTAL STEPS: 147683
TOTAL STEPS: 150311
TOTAL STEPS: 152547
TOTAL STEPS: 156787
TOTAL STEPS: 159474
TOTAL STEPS: 161720
TOTAL STEPS: 164498
TOTAL STEPS: 173393
TOTAL STEPS: 178655
TOTAL STEPS: 185629
TOTAL STEPS: 188764
TOTAL STEPS: 192643
TOTAL STEPS: 194882
TOTAL STEPS: 198662
TOTAL STEPS: 200966
TOTAL STEPS: 203803
TOTAL STEPS: 206599
TOTAL STEPS: 216359
TOTAL STEPS: 219754
TOTAL STEPS: 228665
TOTAL STEPS: 232748
TOTAL STEPS: 235022
TOTAL STEPS: 238046
TOTAL STEPS: 243166
TOTAL STEPS: 246474
TOTAL STEPS: 249502
TOTAL STEPS: 251968
TOTAL STEPS: 255655
TOTAL STEPS: 257929
TOTAL STEPS: 260181
TOTAL STEPS: 263493
TOTAL STEPS: 267180
TOTAL STEPS: 270180
TOTAL STEPS: 272994
TOTAL STEPS: 276864
TOTAL STEPS: 298131
TOTAL STEPS: 300707
TOTAL STEPS: 305702
TOTAL STEPS: 308343
TOTAL STEPS: 311029
TOTAL STEPS: 317279
TOTAL STEPS: 319553
TOTAL STEPS: 327694
TOTAL STEPS: 335362
TOTAL STEPS: 340540
TOTAL STEPS: 343139
TOTAL STEPS: 347124
TOTAL STEPS: 350814
TOTAL STEPS: 353610
TOTAL STEPS: 357330
TOTAL STEPS: 360126
TOTAL STEPS: 363266
TOTAL STEPS: 365571
TOTAL STEPS: 369605
TOTAL STEPS: 371839
TOTAL STEPS: 378813
TOTAL STEPS: 381240
TOTAL STEPS: 383457
TOTAL STEPS: 386172
TOTAL STEPS: 388544
TOTAL STEPS: 391233
TOTAL STEPS: 393688
TOTAL STEPS: 395992
TOTAL STEPS: 399104
TOTAL STEPS: 401798
TOTAL STEPS: 410798
TOTAL STEPS: 414884
TOTAL STEPS: 431540
TOTAL STEPS: 439507
TOTAL STEPS: 442531
TOTAL STEPS: 445531
TOTAL STEPS: 451315
TOTAL STEPS: 455908
TOTAL STEPS: 459688
TOTAL STEPS: 463468
TOTAL STEPS: 465835
TOTAL STEPS: 473895
TOTAL STEPS: 476201
TOTAL STEPS: 479380
TOTAL STEPS: 483742
TOTAL STEPS: 486489
TOTAL STEPS: 490226
TOTAL STEPS: 494966
TOTAL STEPS: 497165
TOTAL STEPS: 501509
TOTAL STEPS: 507332
TOTAL STEPS: 511884
TOTAL STEPS: 517707
TOTAL STEPS: 522259
TOTAL STEPS: 526455
TOTAL STEPS: 529242
TOTAL STEPS: 534705
TOTAL STEPS: 541905
TOTAL STEPS: 544127
TOTAL STEPS: 547727
TOTAL STEPS: 551606
TOTAL STEPS: 553991
TOTAL STEPS: 556602
TOTAL STEPS: 559677
TOTAL STEPS: 562277
TOTAL STEPS: 565184
TOTAL STEPS: 567704
TOTAL STEPS: 572048
TOTAL STEPS: 581220
TOTAL STEPS: 583597
TOTAL STEPS: 585821
TOTAL STEPS: 588405
TOTAL STEPS: 591561
TOTAL STEPS: 593805
TOTAL STEPS: 598186
TOTAL STEPS: 604498
TOTAL STEPS: 607103
TOTAL STEPS: 609293
TOTAL STEPS: 612318
TOTAL STEPS: 616896
TOTAL STEPS: 619020
TOTAL STEPS: 621402
TOTAL STEPS: 623877
TOTAL STEPS: 626140
TOTAL STEPS: 629140
TOTAL STEPS: 631919
TOTAL STEPS: 634339
TOTAL STEPS: 636759
TOTAL STEPS: 640959
TOTAL STEPS: 643260
TOTAL STEPS: 645392
TOTAL STEPS: 647769
TOTAL STEPS: 650960
TOTAL STEPS: 654155
TOTAL STEPS: 658525
TOTAL STEPS: 661027
TOTAL STEPS: 663882
TOTAL STEPS: 666382
TOTAL STEPS: 669382
TOTAL STEPS: 671882
TOTAL STEPS: 684209
TOTAL STEPS: 686405
TOTAL STEPS: 690039
TOTAL STEPS: 692941
TOTAL STEPS: 695522
TOTAL STEPS: 697729
TOTAL STEPS: 704386
TOTAL STEPS: 707821
TOTAL STEPS: 713644
TOTAL STEPS: 716644
TOTAL STEPS: 719668
TOTAL STEPS: 722409
TOTAL STEPS: 744432
TOTAL STEPS: 748178
TOTAL STEPS: 750678
TOTAL STEPS: 752876
TOTAL STEPS: 755274
TOTAL STEPS: 761478
TOTAL STEPS: 769962
TOTAL STEPS: 774536
TOTAL STEPS: 780416
TOTAL STEPS: 783150
TOTAL STEPS: 785452
TOTAL STEPS: 787640
TOTAL STEPS: 797486
TOTAL STEPS: 800036
TOTAL STEPS: 806242
TOTAL STEPS: 808891
TOTAL STEPS: 811276
TOTAL STEPS: 813600
TOTAL STEPS: 821036
TOTAL STEPS: 824060
TOTAL STEPS: 826867
TOTAL STEPS: 830737
TOTAL STEPS: 834031
TOTAL STEPS: 838639
TOTAL STEPS: 840877
TOTAL STEPS: 843669
TOTAL STEPS: 853515
TOTAL STEPS: 856515
TOTAL STEPS: 862145
TOTAL STEPS: 865145
TOTAL STEPS: 869237
TOTAL STEPS: 871996
TOTAL STEPS: 875443
TOTAL STEPS: 882499
TOTAL STEPS: 885699
TOTAL STEPS: 888933
TOTAL STEPS: 893466
TOTAL STEPS: 895926
TOTAL STEPS: 898406
TOTAL STEPS: 904989
TOTAL STEPS: 908017
TOTAL STEPS: 910235
TOTAL STEPS: 914842
TOTAL STEPS: 923918
TOTAL STEPS: 926135
TOTAL STEPS: 928497
TOTAL STEPS: 930883
TOTAL STEPS: 934117
TOTAL STEPS: 938192
TOTAL STEPS: 943156
TOTAL STEPS: 945357
TOTAL STEPS: 948431
TOTAL STEPS: 951292
TOTAL STEPS: 958300
TOTAL STEPS: 960949
TOTAL STEPS: 963875
TOTAL STEPS: 967407
TOTAL STEPS: 971859
TOTAL STEPS: 974523
TOTAL STEPS: 979265
TOTAL STEPS: 982061
TOTAL STEPS: 988925
TOTAL STEPS: 991226
TOTAL STEPS: 995426
TOTAL STEPS: 998426
TOTAL STEPS: 1002206
TOTAL STEPS: 1005256
TOTAL STEPS: 1008284
TOTAL STEPS: 1012004
TOTAL STEPS: 1015996
TOTAL STEPS: 1019985
TOTAL STEPS: 1020033
TOTAL STEPS: 1024879
TOTAL STEPS: 1030305
TOTAL STEPS: 1034704
TOTAL STEPS: 1038883
TOTAL STEPS: 1042867
TOTAL STEPS: 1046017
TOTAL STEPS: 1049167
TOTAL STEPS: 1051546
TOTAL STEPS: 1056586
TOTAL STEPS: 1058977
TOTAL STEPS: 1063087
TOTAL STEPS: 1065323
TOTAL STEPS: 1068612
TOTAL STEPS: 1073048
TOTAL STEPS: 1090448
TOTAL STEPS: 1095563
TOTAL STEPS: 1099735
TOTAL STEPS: 1103614
TOTAL STEPS: 1110271
TOTAL STEPS: 1114255
TOTAL STEPS: 1116959
TOTAL STEPS: 1119133
TOTAL STEPS: 1126469
TOTAL STEPS: 1129469
TOTAL STEPS: 1131704
TOTAL STEPS: 1134345
TOTAL STEPS: 1137877
TOTAL STEPS: 1140755
TOTAL STEPS: 1145233
TOTAL STEPS: 1148137
TOTAL STEPS: 1150377
TOTAL STEPS: 1153820
TOTAL STEPS: 1164620
TOTAL STEPS: 1166926
TOTAL STEPS: 1185294
TOTAL STEPS: 1189534
TOTAL STEPS: 1192534
TOTAL STEPS: 1197280
TOTAL STEPS: 1200967
TOTAL STEPS: 1206127
TOTAL STEPS: 1208507
TOTAL STEPS: 1212592
TOTAL STEPS: 1214983
TOTAL STEPS: 1217997
TOTAL STEPS: 1220833
TOTAL STEPS: 1225113
TOTAL STEPS: 1230282
TOTAL STEPS: 1232660
TOTAL STEPS: 1235030
TOTAL STEPS: 1239310
TOTAL STEPS: 1242004
TOTAL STEPS: 1244242
TOTAL STEPS: 1246834
TOTAL STEPS: 1249231
TOTAL STEPS: 1251925
TOTAL STEPS: 1259908
TOTAL STEPS: 1262080
TOTAL STEPS: 1265612
TOTAL STEPS: 1267983
TOTAL STEPS: 1270796
TOTAL STEPS: 1279679
TOTAL STEPS: 1282250
TOTAL STEPS: 1284718
TOTAL STEPS: 1287543
TOTAL STEPS: 1290872
TOTAL STEPS: 1293177
TOTAL STEPS: 1295722
TOTAL STEPS: 1306611
TOTAL STEPS: 1310622
TOTAL STEPS: 1314841
TOTAL STEPS: 1317097
TOTAL STEPS: 1322583
TOTAL STEPS: 1328167
TOTAL STEPS: 1330738
TOTAL STEPS: 1333317
TOTAL STEPS: 1336158
TOTAL STEPS: 1339045
TOTAL STEPS: 1341430
TOTAL STEPS: 1343830
TOTAL STEPS: 1346230
TOTAL STEPS: 1348674
TOTAL STEPS: 1350997
TOTAL STEPS: 1357258
TOTAL STEPS: 1360272
TOTAL STEPS: 1365450
TOTAL STEPS: 1367685
TOTAL STEPS: 1369938
TOTAL STEPS: 1373036
TOTAL STEPS: 1375519
TOTAL STEPS: 1378056
TOTAL STEPS: 1380309
TOTAL STEPS: 1383099
TOTAL STEPS: 1385421
TOTAL STEPS: 1391272
TOTAL STEPS: 1396186
TOTAL STEPS: 1398489
TOTAL STEPS: 1400876
TOTAL STEPS: 1403151
TOTAL STEPS: 1407832
TOTAL STEPS: 1425199
TOTAL STEPS: 1429954
TOTAL STEPS: 1434314
TOTAL STEPS: 1436711
TOTAL STEPS: 1439106
TOTAL STEPS: 1441359
TOTAL STEPS: 1444891
TOTAL STEPS: 1453021
TOTAL STEPS: 1455694
TOTAL STEPS: 1459894
TOTAL STEPS: 1463380
TOTAL STEPS: 1465780
TOTAL STEPS: 1470461
TOTAL STEPS: 1472848
TOTAL STEPS: 1481800
TOTAL STEPS: 1484037
TOTAL STEPS: 1486513
TOTAL STEPS: 1495389
TOTAL STEPS: 1497772
TOTAL STEPS: 1500010
TOTAL STEPS: 1502284
TOTAL STEPS: 1516152
TOTAL STEPS: 1518860
TOTAL STEPS: 1521428
TOTAL STEPS: 1527266
TOTAL STEPS: 1548711
TOTAL STEPS: 1550883
TOTAL STEPS: 1553953
TOTAL STEPS: 1556545
TOTAL STEPS: 1561459
TOTAL STEPS: 1564167
TOTAL STEPS: 1566337
TOTAL STEPS: 1568889
TOTAL STEPS: 1578821
TOTAL STEPS: 1584638
TOTAL STEPS: 1587082
TOTAL STEPS: 1590952
TOTAL STEPS: 1593330
TOTAL STEPS: 1596330
TOTAL STEPS: 1600650
TOTAL STEPS: 1603050
TOTAL STEPS: 1614336
TOTAL STEPS: 1616586
TOTAL STEPS: 1620690
TOTAL STEPS: 1629690
TOTAL STEPS: 1632342
TOTAL STEPS: 1635562
TOTAL STEPS: 1637812
TOTAL STEPS: 1640188
TOTAL STEPS: 1643006
TOTAL STEPS: 1645824
TOTAL STEPS: 1647918
TOTAL STEPS: 1650570
TOTAL STEPS: 1654170
TOTAL STEPS: 1656420
TOTAL STEPS: 1661181
TOTAL STEPS: 1663431
TOTAL STEPS: 1666249
TOTAL STEPS: 1668499
TOTAL STEPS: 1672255
TOTAL STEPS: 1677293
TOTAL STEPS: 1680111
TOTAL STEPS: 1684035
TOTAL STEPS: 1693035
TOTAL STEPS: 1695129
TOTAL STEPS: 1698729
TOTAL STEPS: 1700823
TOTAL STEPS: 1703325
TOTAL STEPS: 1705977
TOTAL STEPS: 1708977
TOTAL STEPS: 1711479
TOTAL STEPS: 1714131
TOTAL STEPS: 1719759
TOTAL STEPS: 1722009
TOTAL STEPS: 1724827
TOTAL STEPS: 1728583
TOTAL STEPS: 1733901
TOTAL STEPS: 1736719
TOTAL STEPS: 1741229
TOTAL STEPS: 1745739
TOTAL STEPS: 1745789
TOTAL STEPS: 1750799
TOTAL STEPS: 1755086
TOTAL STEPS: 1757336
TOTAL STEPS: 1760936
TOTAL STEPS: 1763754
TOTAL STEPS: 1768758
TOTAL STEPS: 1772508
TOTAL STEPS: 1776432
TOTAL STEPS: 1778934
TOTAL STEPS: 1781028
TOTAL STEPS: 1783278
TOTAL STEPS: 1786498
TOTAL STEPS: 1788874
TOTAL STEPS: 1792798
TOTAL STEPS: 1795616
TOTAL STEPS: 1797992
TOTAL STEPS: 1801097
TOTAL STEPS: 1803347
TOTAL STEPS: 1810853
TOTAL STEPS: 1814628
TOTAL STEPS: 1817733
TOTAL STEPS: 1820838
TOTAL STEPS: 1823943
TOTAL STEPS: 1829577
TOTAL STEPS: 1837083
TOTAL STEPS: 1852083
TOTAL STEPS: 1858083
TOTAL STEPS: 1860177
TOTAL STEPS: 1862427
TOTAL STEPS: 1864677
TOTAL STEPS: 1867329
TOTAL STEPS: 1870929
TOTAL STEPS: 1880937
TOTAL STEPS: 1883755
TOTAL STEPS: 1896643
TOTAL STEPS: 1899295
TOTAL STEPS: 1902295
TOTAL STEPS: 1906045
TOTAL STEPS: 1910555
TOTAL STEPS: 1912955
TOTAL STEPS: 1925843
TOTAL STEPS: 1927937
TOTAL STEPS: 1930589
TOTAL STEPS: 1933241
TOTAL STEPS: 1936841
TOTAL STEPS: 1941845
TOTAL STEPS: 1947845
TOTAL STEPS: 1951595
TOTAL STEPS: 1954815
TOTAL STEPS: 1963815
TOTAL STEPS: 1969133
TOTAL STEPS: 1972883
TOTAL STEPS: 1974977
TOTAL STEPS: 1977977
TOTAL STEPS: 1980353
TOTAL STEPS: 1983698
TOTAL STEPS: 1986350
TOTAL STEPS: 1988444
TOTAL STEPS: 1993748
TOTAL STEPS: 1996013
TOTAL STEPS: 2003525
TOTAL STEPS: 2005901
TOTAL STEPS: 2009121
TOTAL STEPS: 2011497
TOTAL STEPS: 2016501
TOTAL STEPS: 2020257
TOTAL STEPS: 2023257
TOTAL STEPS: 2032257
TOTAL STEPS: 2034351
TOTAL STEPS: 2037351
TOTAL STEPS: 2040456
TOTAL STEPS: 2042832
TOTAL STEPS: 2045937
TOTAL STEPS: 2049042
TOTAL STEPS: 2051418
TOTAL STEPS: 2056428
TOTAL STEPS: 2060184
TOTAL STEPS: 2062836
TOTAL STEPS: 2065086
TOTAL STEPS: 2067518
TOTAL STEPS: 2070863
TOTAL STEPS: 2072957
TOTAL STEPS: 2080457
TOTAL STEPS: 2082833
TOTAL STEPS: 2085335
TOTAL STEPS: 2087429
TOTAL STEPS: 2097473
TOTAL STEPS: 2102791
TOTAL STEPS: 2107301
TOTAL STEPS: 2110119
TOTAL STEPS: 2112621
TOTAL STEPS: 2115123
TOTAL STEPS: 2118228
TOTAL STEPS: 2121228
TOTAL STEPS: 2125989
TOTAL STEPS: 2140989
TOTAL STEPS: 2149181
TOTAL STEPS: 2151431
TOTAL STEPS: 2153681
TOTAL STEPS: 2156351
TOTAL STEPS: 2159003
TOTAL STEPS: 2162759
TOTAL STEPS: 2165261
TOTAL STEPS: 2167763
TOTAL STEPS: 2170581
TOTAL STEPS: 2173083
TOTAL STEPS: 2175585
TOTAL STEPS: 2178237
TOTAL STEPS: 2185743
TOTAL STEPS: 2188119
TOTAL STEPS: 2191464
TOTAL STEPS: 2202720
TOTAL STEPS: 2207007
TOTAL STEPS: 2217051
TOTAL STEPS: 2219145
TOTAL STEPS: 2224155
TOTAL STEPS: 2226531
TOTAL STEPS: 2230131
TOTAL STEPS: 2232783
TOTAL STEPS: 2235302
TOTAL STEPS: 2237678
TOTAL STEPS: 2240054
TOTAL STEPS: 2242148
TOTAL STEPS: 2246252
TOTAL STEPS: 2256254
TOTAL STEPS: 2259599
TOTAL STEPS: 2266029
TOTAL STEPS: 2268847
TOTAL STEPS: 2270941
TOTAL STEPS: 2273035
TOTAL STEPS: 2275411
TOTAL STEPS: 2277661
TOTAL STEPS: 2280479
TOTAL STEPS: 2283584
TOTAL STEPS: 2287184
TOTAL STEPS: 2291684
TOTAL STEPS: 2296194
TOTAL STEPS: 2300704
TOTAL STEPS: 2302954
TOTAL STEPS: 2307086
TOTAL STEPS: 2310191
TOTAL STEPS: 2314478
TOTAL STEPS: 2316854
TOTAL STEPS: 2319672
TOTAL STEPS: 2322324
TOTAL STEPS: 2326834
TOTAL STEPS: 2335019
TOTAL STEPS: 2338619
TOTAL STEPS: 2340869
TOTAL STEPS: 2342963
TOTAL STEPS: 2349403
TOTAL STEPS: 2355863
TOTAL STEPS: 2358681
TOTAL STEPS: 2361333
TOTAL STEPS: 2365620
TOTAL STEPS: 2373120
TOTAL STEPS: 2376120
TOTAL STEPS: 2378772
TOTAL STEPS: 2382528
TOTAL STEPS: 2385548
TOTAL STEPS: 2390048
TOTAL STEPS: 2392298
TOTAL STEPS: 2394548
TOTAL STEPS: 2398472
TOTAL STEPS: 2400974
TOTAL STEPS: 2403224
TOTAL STEPS: 2406042
TOTAL STEPS: 2408292
TOTAL STEPS: 2417292
TOTAL STEPS: 2422036
TOTAL STEPS: 2424412
TOTAL STEPS: 2426662
TOTAL STEPS: 2428912
TOTAL STEPS: 2432512
TOTAL STEPS: 2437022
TOTAL STEPS: 2439524
TOTAL STEPS: 2443448
TOTAL STEPS: 2445542
TOTAL STEPS: 2449298
TOTAL STEPS: 2467298
TOTAL STEPS: 2469548
TOTAL STEPS: 2472050
TOTAL STEPS: 2474868
TOTAL STEPS: 2477370
TOTAL STEPS: 2484299
TOTAL STEPS: 2489043
TOTAL STEPS: 2494361
TOTAL STEPS: 2498861
TOTAL STEPS: 2501861
TOTAL STEPS: 2505081
TOTAL STEPS: 2523081
TOTAL STEPS: 2528085
TOTAL STEPS: 2530461
TOTAL STEPS: 2533279
TOTAL STEPS: 2540779
TOTAL STEPS: 2546779
TOTAL STEPS: 2549884
TOTAL STEPS: 2552134
TOTAL STEPS: 2554786
TOTAL STEPS: 2557456
TOTAL STEPS: 2560108
TOTAL STEPS: 2562926
TOTAL STEPS: 2565578
TOTAL STEPS: 2568578
TOTAL STEPS: 2570828
TOTAL STEPS: 2573480
TOTAL STEPS: 2577404
TOTAL STEPS: 2580056
TOTAL STEPS: 2582708
TOTAL STEPS: 2585526
TOTAL STEPS: 2589126
TOTAL STEPS: 2596650
TOTAL STEPS: 2601394
TOTAL STEPS: 2607022
TOTAL STEPS: 2609116
TOTAL STEPS: 2611366
TOTAL STEPS: 2613616
TOTAL STEPS: 2616434
TOTAL STEPS: 2618684
TOTAL STEPS: 2623484
TOTAL STEPS: 2627240
TOTAL STEPS: 2630840
TOTAL STEPS: 2639046
TOTAL STEPS: 2651922
TOTAL STEPS: 2654574
TOTAL STEPS: 2656824
TOTAL STEPS: 2661834
TOTAL STEPS: 2664210
TOTAL STEPS: 2667315
TOTAL STEPS: 2669565
TOTAL STEPS: 2672217
TOTAL STEPS: 2674593
TOTAL STEPS: 2677245
TOTAL STEPS: 2679747
TOTAL STEPS: 2683671
TOTAL STEPS: 2686173
TOTAL STEPS: 2691801
TOTAL STEPS: 2694051
TOTAL STEPS: 2699355
TOTAL STEPS: 2701650
TOTAL STEPS: 2703744
TOTAL STEPS: 2708244
TOTAL STEPS: 2723244
TOTAL STEPS: 2726349
TOTAL STEPS: 2730636
TOTAL STEPS: 2737076
TOTAL STEPS: 2739578
TOTAL STEPS: 2742798
TOTAL STEPS: 2745798
TOTAL STEPS: 2748798
TOTAL STEPS: 2766798
TOTAL STEPS: 2771298
TOTAL STEPS: 2777298
TOTAL STEPS: 2799808
TOTAL STEPS: 2805126
TOTAL STEPS: 2807628
TOTAL STEPS: 2809878
TOTAL STEPS: 2814388
TOTAL STEPS: 2817388
TOTAL STEPS: 2820408
TOTAL STEPS: 2822658
TOTAL STEPS: 2825658
TOTAL STEPS: 2828160
TOTAL STEPS: 2830536
TOTAL STEPS: 2832786
TOTAL STEPS: 2835438
TOTAL STEPS: 2845476
TOTAL STEPS: 2849400
TOTAL STEPS: 2855400
TOTAL STEPS: 2857494
TOTAL STEPS: 2861781
TOTAL STEPS: 2865001
TOTAL STEPS: 2868601
TOTAL STEPS: 2871103
TOTAL STEPS: 2874103
TOTAL STEPS: 2876197
TOTAL STEPS: 2880121
TOTAL STEPS: 2884882
TOTAL STEPS: 2888102
TOTAL STEPS: 2890500
TOTAL STEPS: 2893500
TOTAL STEPS: 2900164
TOTAL STEPS: 2902467
TOTAL STEPS: 2905380
TOTAL STEPS: 2907969
TOTAL STEPS: 2912734
TOTAL STEPS: 2914971
TOTAL STEPS: 2918923
TOTAL STEPS: 2924699
TOTAL STEPS: 2927699
TOTAL STEPS: 2931389
TOTAL STEPS: 2934574
TOTAL STEPS: 2940464
TOTAL STEPS: 2942840
TOTAL STEPS: 2947380
TOTAL STEPS: 2951100
TOTAL STEPS: 2954979
TOTAL STEPS: 2957572
TOTAL STEPS: 2960208
TOTAL STEPS: 2963096
TOTAL STEPS: 2965296
TOTAL STEPS: 2976864
TOTAL STEPS: 2979264
TOTAL STEPS: 2983958
TOTAL STEPS: 2986161
TOTAL STEPS: 2989233
TOTAL STEPS: 2991515
TOTAL STEPS: 3007553
TOTAL STEPS: 3010173
TOTAL STEPS: 3012396
TOTAL STEPS: 3015773
TOTAL STEPS: 3019221
TOTAL STEPS: 3024181
TOTAL STEPS: 3026927
TOTAL STEPS: 3029487
TOTAL STEPS: 3031770
TOTAL STEPS: 3033993
TOTAL STEPS: 3036814
TOTAL STEPS: 3039939
TOTAL STEPS: 3046533
TOTAL STEPS: 3049533
TOTAL STEPS: 3054057
TOTAL STEPS: 3056805
TOTAL STEPS: 3065013
TOTAL STEPS: 3068387
TOTAL STEPS: 3071647
TOTAL STEPS: 3078230
TOTAL STEPS: 3082207
TOTAL STEPS: 3084428
TOTAL STEPS: 3086630
TOTAL STEPS: 3088834
TOTAL STEPS: 3108809
TOTAL STEPS: 3114261
TOTAL STEPS: 3116660
TOTAL STEPS: 3122112
TOTAL STEPS: 3138756
TOTAL STEPS: 3141128
TOTAL STEPS: 3145157
TOTAL STEPS: 3148417
TOTAL STEPS: 3152401
TOTAL STEPS: 3154914
TOTAL STEPS: 3158601
TOTAL STEPS: 3167512
TOTAL STEPS: 3171496
TOTAL STEPS: 3174496
TOTAL STEPS: 3182164
TOTAL STEPS: 3193142
TOTAL STEPS: 3195938
TOTAL STEPS: 3199118
TOTAL STEPS: 3202664
TOTAL STEPS: 3206293
TOTAL STEPS: 3215183
TOTAL STEPS: 3218619
TOTAL STEPS: 3222306
TOTAL STEPS: 3224942
TOTAL STEPS: 3228984
TOTAL STEPS: 3231599
TOTAL STEPS: 3234216
TOTAL STEPS: 3243966
TOTAL STEPS: 3250170
TOTAL STEPS: 3252407
TOTAL STEPS: 3255448
TOTAL STEPS: 3265372
TOTAL STEPS: 3268034
TOTAL STEPS: 3270421
TOTAL STEPS: 3273421
TOTAL STEPS: 3286021
TOTAL STEPS: 3292281
TOTAL STEPS: 3295433
TOTAL STEPS: 3297953
TOTAL STEPS: 3300464
TOTAL STEPS: 3302700
TOTAL STEPS: 3305340
TOTAL STEPS: 3307595
TOTAL STEPS: 3312047
TOTAL STEPS: 3315075
TOTAL STEPS: 3317748
TOTAL STEPS: 3321700
TOTAL STEPS: 3324700
TOTAL STEPS: 3329962
TOTAL STEPS: 3332198
TOTAL STEPS: 3337974
TOTAL STEPS: 3341661
TOTAL STEPS: 3344039
TOTAL STEPS: 3348839
TOTAL STEPS: 3352468
TOTAL STEPS: 3357290
TOTAL STEPS: 3361763
TOTAL STEPS: 3368406
TOTAL STEPS: 3371331
TOTAL STEPS: 3374331
TOTAL STEPS: 3379731
TOTAL STEPS: 3381895
TOTAL STEPS: 3385743
TOTAL STEPS: 3388640
TOTAL STEPS: 3394848
TOTAL STEPS: 3398477
TOTAL STEPS: 3401642
TOTAL STEPS: 3404642
TOTAL STEPS: 3425254
TOTAL STEPS: 3427491
TOTAL STEPS: 3436287
TOTAL STEPS: 3438797
TOTAL STEPS: 3442329
TOTAL STEPS: 3445849
TOTAL STEPS: 3455525
TOTAL STEPS: 3458525
TOTAL STEPS: 3461705
TOTAL STEPS: 3464225
TOTAL STEPS: 3469713
TOTAL STEPS: 3473371
TOTAL STEPS: 3476395
TOTAL STEPS: 3479000
TOTAL STEPS: 3489800
TOTAL STEPS: 3492035
TOTAL STEPS: 3494472
TOTAL STEPS: 3497521
TOTAL STEPS: 3501035
TOTAL STEPS: 3505573
TOTAL STEPS: 3507972
TOTAL STEPS: 3510503
TOTAL STEPS: 3513528
TOTAL STEPS: 3516063
TOTAL STEPS: 3518365
TOTAL STEPS: 3521874
TOTAL STEPS: 3527274
TOTAL STEPS: 3532356
TOTAL STEPS: 3536412
TOTAL STEPS: 3540099
TOTAL STEPS: 3542267
TOTAL STEPS: 3544896
TOTAL STEPS: 3559426
TOTAL STEPS: 3565202
TOTAL STEPS: 3568648
TOTAL STEPS: 3572180
TOTAL STEPS: 3574976
TOTAL STEPS: 3578824
TOTAL STEPS: 3581413
TOTAL STEPS: 3583929
TOTAL STEPS: 3586465
TOTAL STEPS: 3589261
TOTAL STEPS: 3592057
TOTAL STEPS: 3594964
TOTAL STEPS: 3597476
TOTAL STEPS: 3600105
TOTAL STEPS: 3602501
TOTAL STEPS: 3605899
TOTAL STEPS: 3609586
TOTAL STEPS: 3612892
TOTAL STEPS: 3615505
TOTAL STEPS: 3618294
TOTAL STEPS: 3621090
TOTAL STEPS: 3628426
TOTAL STEPS: 3631213
TOTAL STEPS: 3633516
TOTAL STEPS: 3637203
TOTAL STEPS: 3639999
TOTAL STEPS: 3643057
TOTAL STEPS: 3646177
TOTAL STEPS: 3650545
TOTAL STEPS: 3655263
TOTAL STEPS: 3658813
TOTAL STEPS: 3662055
TOTAL STEPS: 3664436
TOTAL STEPS: 3669596
TOTAL STEPS: 3672233
TOTAL STEPS: 3694133
TOTAL STEPS: 3698851
TOTAL STEPS: 3702163
TOTAL STEPS: 3704642
TOTAL STEPS: 3707954
TOTAL STEPS: 3711782
TOTAL STEPS: 3714165
TOTAL STEPS: 3716475
TOTAL STEPS: 3718858
TOTAL STEPS: 3722170
TOTAL STEPS: 3724570
TOTAL STEPS: 3726810
TOTAL STEPS: 3744478
TOTAL STEPS: 3747348
TOTAL STEPS: 3751199
TOTAL STEPS: 3753482
TOTAL STEPS: 3755620
TOTAL STEPS: 3758295
TOTAL STEPS: 3761041
TOTAL STEPS: 3763790
TOTAL STEPS: 3766531
TOTAL STEPS: 3768732
TOTAL STEPS: 3774044
TOTAL STEPS: 3777304
TOTAL STEPS: 3779658
TOTAL STEPS: 3787386
TOTAL STEPS: 3797936
TOTAL STEPS: 3800518
TOTAL STEPS: 3804026
TOTAL STEPS: 3806586
TOTAL STEPS: 3808974
TOTAL STEPS: 3812234
TOTAL STEPS: 3815689
TOTAL STEPS: 3818713
TOTAL STEPS: 3821486
TOTAL STEPS: 3825173
TOTAL STEPS: 3828860
TOTAL STEPS: 3831097
TOTAL STEPS: 3833351
TOTAL STEPS: 3838114
TOTAL STEPS: 3842126
TOTAL STEPS: 3844546
TOTAL STEPS: 3847570
TOTAL STEPS: 3851290
TOTAL STEPS: 3860290
TOTAL STEPS: 3862526
TOTAL STEPS: 3865322
TOTAL STEPS: 3869201
TOTAL STEPS: 3872726
TOTAL STEPS: 3875231
TOTAL STEPS: 3878724
TOTAL STEPS: 3886405
TOTAL STEPS: 3888762
TOTAL STEPS: 3892993
TOTAL STEPS: 3899241
TOTAL STEPS: 3902991
TOTAL STEPS: 3905511
TOTAL STEPS: 3910631
TOTAL STEPS: 3913051
TOTAL STEPS: 3915429
TOTAL STEPS: 3917808
TOTAL STEPS: 3920185
TOTAL STEPS: 3925628
TOTAL STEPS: 3935386
TOTAL STEPS: 3940555
TOTAL STEPS: 3945765
TOTAL STEPS: 3949247
TOTAL STEPS: 3952807
TOTAL STEPS: 3955045
TOTAL STEPS: 3958069
TOTAL STEPS: 3960373
TOTAL STEPS: 3964862
TOTAL STEPS: 3967698
TOTAL STEPS: 3969883
TOTAL STEPS: 3973048
TOTAL STEPS: 3976454
TOTAL STEPS: 3979122
TOTAL STEPS: 3982672
TOTAL STEPS: 3986185
TOTAL STEPS: 3990696
TOTAL STEPS: 3993094
TOTAL STEPS: 3995347
TOTAL STEPS: 3998258
TOTAL STEPS: 4000880
TOTAL STEPS: 4003790
TOTAL STEPS: 4006168
TOTAL STEPS: 4009013
TOTAL STEPS: 4017025
TOTAL STEPS: 4023335
TOTAL STEPS: 4025967
TOTAL STEPS: 4029382
TOTAL STEPS: 4031742
TOTAL STEPS: 4034936
TOTAL STEPS: 4037142
TOTAL STEPS: 4049860
TOTAL STEPS: 4053547
TOTAL STEPS: 4056063
TOTAL STEPS: 4058688
TOTAL STEPS: 4061355
TOTAL STEPS: 4063592
TOTAL STEPS: 4066475
TOTAL STEPS: 4069519
TOTAL STEPS: 4074028
TOTAL STEPS: 4078012
TOTAL STEPS: 4084318
TOTAL STEPS: 4088238
TOTAL STEPS: 4094446
TOTAL STEPS: 4097585
TOTAL STEPS: 4100381
TOTAL STEPS: 4103263
TOTAL STEPS: 4108749
TOTAL STEPS: 4111402
TOTAL STEPS: 4114110
TOTAL STEPS: 4116638
TOTAL STEPS: 4121383
TOTAL STEPS: 4124754
TOTAL STEPS: 4127133
TOTAL STEPS: 4133023
TOTAL STEPS: 4135463
TOTAL STEPS: 4140285
TOTAL STEPS: 4142874
TOTAL STEPS: 4149529
TOTAL STEPS: 4153187
TOTAL STEPS: 4157139
TOTAL STEPS: 4160987
TOTAL STEPS: 4163490
TOTAL STEPS: 4166357
TOTAL STEPS: 4169020
TOTAL STEPS: 4171642
TOTAL STEPS: 4175645
TOTAL STEPS: 4179785
TOTAL STEPS: 4186550
TOTAL STEPS: 4192334
TOTAL STEPS: 4196050
TOTAL STEPS: 4199100
TOTAL STEPS: 4202348
TOTAL STEPS: 4204725
TOTAL STEPS: 4207921
TOTAL STEPS: 4212373
TOTAL STEPS: 4215397
TOTAL STEPS: 4219426
TOTAL STEPS: 4222222
TOTAL STEPS: 4231035
TOTAL STEPS: 4234059
TOTAL STEPS: 4236708
TOTAL STEPS: 4239030
TOTAL STEPS: 4241272
TOTAL STEPS: 4243576
TOTAL STEPS: 4246600
TOTAL STEPS: 4249220
TOTAL STEPS: 4255052
TOTAL STEPS: 4257287
TOTAL STEPS: 4259590
TOTAL STEPS: 4261881
TOTAL STEPS: 4266719
TOTAL STEPS: 4268958
TOTAL STEPS: 4271358
TOTAL STEPS: 4273613
TOTAL STEPS: 4275918
TOTAL STEPS: 4282357
TOTAL STEPS: 4284595
TOTAL STEPS: 4287749
TOTAL STEPS: 4290134
TOTAL STEPS: 4293205
TOTAL STEPS: 4296042
TOTAL STEPS: 4299528
TOTAL STEPS: 4304971
TOTAL STEPS: 4307787
TOTAL STEPS: 4310096
TOTAL STEPS: 4314777
TOTAL STEPS: 4317291
TOTAL STEPS: 4328002
TOTAL STEPS: 4334853
TOTAL STEPS: 4338633
TOTAL STEPS: 4341647
TOTAL STEPS: 4346207
TOTAL STEPS: 4349467
TOTAL STEPS: 4351739
TOTAL STEPS: 4358128
TOTAL STEPS: 4377706
TOTAL STEPS: 4380266
TOTAL STEPS: 4382726
TOTAL STEPS: 4384998
TOTAL STEPS: 4388223
TOTAL STEPS: 4390429
TOTAL STEPS: 4392567
TOTAL STEPS: 4394920
TOTAL STEPS: 4397215
TOTAL STEPS: 4399830
TOTAL STEPS: 4404170
TOTAL STEPS: 4414468
TOTAL STEPS: 4416606
TOTAL STEPS: 4419357
TOTAL STEPS: 4422910
TOTAL STEPS: 4426090
TOTAL STEPS: 4429403
TOTAL STEPS: 4435505
TOTAL STEPS: 4438018
TOTAL STEPS: 4448990
TOTAL STEPS: 4458742
TOTAL STEPS: 4461667
TOTAL STEPS: 4464801
TOTAL STEPS: 4466976
TOTAL STEPS: 4470150
TOTAL STEPS: 4475636
TOTAL STEPS: 4477872
TOTAL STEPS: 4480036
TOTAL STEPS: 4482391
TOTAL STEPS: 4487877
TOTAL STEPS: 4492266
TOTAL STEPS: 4494685
TOTAL STEPS: 4496914
TOTAL STEPS: 4502083
TOTAL STEPS: 4507154
TOTAL STEPS: 4509792
TOTAL STEPS: 4512232
TOTAL STEPS: 4514672
TOTAL STEPS: 4517430
TOTAL STEPS: 4521180
TOTAL STEPS: 4525028
TOTAL STEPS: 4532223
TOTAL STEPS: 4534452
TOTAL STEPS: 4537644
TOTAL STEPS: 4541103
TOTAL STEPS: 4543500
TOTAL STEPS: 4546681
TOTAL STEPS: 4549681
TOTAL STEPS: 4553714
TOTAL STEPS: 4556222
TOTAL STEPS: 4561091
TOTAL STEPS: 4563991
TOTAL STEPS: 4566843
TOTAL STEPS: 4569749
TOTAL STEPS: 4575235
TOTAL STEPS: 4585159
TOTAL STEPS: 4587397
TOTAL STEPS: 4590592
TOTAL STEPS: 4599232
TOTAL STEPS: 4610124
TOTAL STEPS: 4620888
TOTAL STEPS: 4623538
TOTAL STEPS: 4626306
TOTAL STEPS: 4628726
TOTAL STEPS: 4632188
TOTAL STEPS: 4635113
TOTAL STEPS: 4637489
TOTAL STEPS: 4641176
TOTAL STEPS: 4643411
TOTAL STEPS: 4646171
TOTAL STEPS: 4649419
TOTAL STEPS: 4652015
TOTAL STEPS: 4654523
TOTAL STEPS: 4656740
TOTAL STEPS: 4670954
TOTAL STEPS: 4675351
TOTAL STEPS: 4677726
TOTAL STEPS: 4680974
TOTAL STEPS: 4683561
TOTAL STEPS: 4686930
TOTAL STEPS: 4689823
TOTAL STEPS: 4709023
TOTAL STEPS: 4714183
TOTAL STEPS: 4717208
TOTAL STEPS: 4719648
TOTAL STEPS: 4722473
TOTAL STEPS: 4726393
TOTAL STEPS: 4728631
TOTAL STEPS: 4732805
TOTAL STEPS: 4743781
TOTAL STEPS: 4746221
TOTAL STEPS: 4749426
TOTAL STEPS: 4761956
TOTAL STEPS: 4764594
TOTAL STEPS: 4771250
TOTAL STEPS: 4773935
TOTAL STEPS: 4782935
TOTAL STEPS: 4789247
TOTAL STEPS: 4792247
TOTAL STEPS: 4794667
TOTAL STEPS: 4801333
TOTAL STEPS: 4804383
TOTAL STEPS: 4815357
TOTAL STEPS: 4820180
TOTAL STEPS: 4822680
TOTAL STEPS: 4825055
TOTAL STEPS: 4827644
TOTAL STEPS: 4841688
TOTAL STEPS: 4849104
TOTAL STEPS: 4852564
TOTAL STEPS: 4857742
TOTAL STEPS: 4861224
TOTAL STEPS: 4864734
Data Generation Done.
Done.
Thank you.
Module Initialized.
running build_ext
Module Initialized.
running build_ext
Starting.
Starting Data Generation.
TOTAL STEPS: 0
TOTAL STEPS: 2265
TOTAL STEPS: 4515
TOTAL STEPS: 6315
TOTAL STEPS: 8967
TOTAL STEPS: 11967
TOTAL STEPS: 13607
TOTAL STEPS: 15107
TOTAL STEPS: 16747
TOTAL STEPS: 18387
TOTAL STEPS: 21607
TOTAL STEPS: 23701
TOTAL STEPS: 26701
TOTAL STEPS: 28501
TOTAL STEPS: 30751
TOTAL STEPS: 32668
TOTAL STEPS: 35044
TOTAL STEPS: 38264
TOTAL STEPS: 39904
TOTAL STEPS: 43009
TOTAL STEPS: 49469
TOTAL STEPS: 51109
TOTAL STEPS: 55870
TOTAL STEPS: 58372
TOTAL STEPS: 60012
TOTAL STEPS: 62388
TOTAL STEPS: 64890
TOTAL STEPS: 66807
TOTAL STEPS: 68447
TOTAL STEPS: 70949
TOTAL STEPS: 72866
TOTAL STEPS: 77366
TOTAL STEPS: 79006
TOTAL STEPS: 80646
TOTAL STEPS: 82286
TOTAL STEPS: 85886
TOTAL STEPS: 87803
TOTAL STEPS: 102803
TOTAL STEPS: 104443
TOTAL STEPS: 106083
TOTAL STEPS: 108585
TOTAL STEPS: 111403
TOTAL STEPS: 112903
TOTAL STEPS: 114820
TOTAL STEPS: 117322
TOTAL STEPS: 119572
TOTAL STEPS: 121072
TOTAL STEPS: 124177
TOTAL STEPS: 127397
TOTAL STEPS: 130049
TOTAL STEPS: 135367
TOTAL STEPS: 137461
TOTAL STEPS: 139101
TOTAL STEPS: 142321
TOTAL STEPS: 144121
TOTAL STEPS: 152320
TOTAL STEPS: 154696
TOTAL STEPS: 158041
TOTAL STEPS: 159841
TOTAL STEPS: 161641
TOTAL STEPS: 164746
TOTAL STEPS: 167248
TOTAL STEPS: 168888
TOTAL STEPS: 171264
TOTAL STEPS: 172904
TOTAL STEPS: 176660
TOTAL STEPS: 178300
TOTAL STEPS: 179800
TOTAL STEPS: 181440
TOTAL STEPS: 183240
TOTAL STEPS: 187750
TOTAL STEPS: 193384
TOTAL STEPS: 196202
TOTAL STEPS: 198002
TOTAL STEPS: 199502
TOTAL STEPS: 214502
TOTAL STEPS: 216302
TOTAL STEPS: 217802
TOTAL STEPS: 221402
TOTAL STEPS: 224507
TOTAL STEPS: 227727
TOTAL STEPS: 229644
TOTAL STEPS: 231144
TOTAL STEPS: 237144
TOTAL STEPS: 238644
TOTAL STEPS: 240561
TOTAL STEPS: 242937
TOTAL STEPS: 245031
TOTAL STEPS: 247281
TOTAL STEPS: 248921
TOTAL STEPS: 251015
TOTAL STEPS: 252932
TOTAL STEPS: 254849
TOTAL STEPS: 256349
TOTAL STEPS: 258266
TOTAL STEPS: 259766
TOTAL STEPS: 262871
TOTAL STEPS: 267371
TOTAL STEPS: 271475
TOTAL STEPS: 273115
TOTAL STEPS: 274615
TOTAL STEPS: 285889
TOTAL STEPS: 288541
TOTAL STEPS: 290341
TOTAL STEPS: 291981
TOTAL STEPS: 294357
TOTAL STEPS: 296859
TOTAL STEPS: 299109
TOTAL STEPS: 300909
TOTAL STEPS: 303285
TOTAL STEPS: 306505
TOTAL STEPS: 309725
TOTAL STEPS: 311525
TOTAL STEPS: 313775
TOTAL STEPS: 315415
TOTAL STEPS: 317055
TOTAL STEPS: 318695
TOTAL STEPS: 322040
TOTAL STEPS: 326327
TOTAL STEPS: 328829
TOTAL STEPS: 330629
TOTAL STEPS: 332546
TOTAL STEPS: 335364
TOTAL STEPS: 338469
TOTAL STEPS: 340109
TOTAL STEPS: 341749
TOTAL STEPS: 343549
TOTAL STEPS: 345349
TOTAL STEPS: 348454
TOTAL STEPS: 350704
TOTAL STEPS: 353522
TOTAL STEPS: 355772
TOTAL STEPS: 361076
TOTAL STEPS: 362993
TOTAL STEPS: 364493
TOTAL STEPS: 366869
TOTAL STEPS: 369974
TOTAL STEPS: 372792
TOTAL STEPS: 375610
TOTAL STEPS: 377704
TOTAL STEPS: 383704
TOTAL STEPS: 391210
TOTAL STEPS: 393586
TOTAL STEPS: 406444
TOTAL STEPS: 408820
TOTAL STEPS: 410620
TOTAL STEPS: 414376
TOTAL STEPS: 416752
TOTAL STEPS: 429634
TOTAL STEPS: 433921
TOTAL STEPS: 437671
TOTAL STEPS: 437723
TOTAL STEPS: 441827
TOTAL STEPS: 444329
TOTAL STEPS: 446246
TOTAL STEPS: 449996
TOTAL STEPS: 453216
TOTAL STEPS: 455133
TOTAL STEPS: 458353
TOTAL STEPS: 461458
TOTAL STEPS: 467458
TOTAL STEPS: 470678
TOTAL STEPS: 472928
TOTAL STEPS: 475178
TOTAL STEPS: 476978
TOTAL STEPS: 483428
TOTAL STEPS: 485068
TOTAL STEPS: 488288
TOTAL STEPS: 490088
TOTAL STEPS: 492182
TOTAL STEPS: 495932
TOTAL STEPS: 497572
TOTAL STEPS: 500677
TOTAL STEPS: 502477
TOTAL STEPS: 504117
TOTAL STEPS: 509121
TOTAL STEPS: 511497
TOTAL STEPS: 513137
TOTAL STEPS: 514777
TOTAL STEPS: 516277
TOTAL STEPS: 520033
TOTAL STEPS: 522409
TOTAL STEPS: 524209
TOTAL STEPS: 526303
TOTAL STEPS: 527943
TOTAL STEPS: 531163
TOTAL STEPS: 532663
TOTAL STEPS: 534463
TOTAL STEPS: 536839
TOTAL STEPS: 539657
TOTAL STEPS: 541574
TOTAL STEPS: 544919
TOTAL STEPS: 548675
TOTAL STEPS: 552275
TOTAL STEPS: 555495
TOTAL STEPS: 557295
TOTAL STEPS: 558795
TOTAL STEPS: 560712
TOTAL STEPS: 564468
TOTAL STEPS: 567286
TOTAL STEPS: 569662
TOTAL STEPS: 569716
TOTAL STEPS: 571356
TOTAL STEPS: 572996
TOTAL STEPS: 574796
TOTAL STEPS: 577614
TOTAL STEPS: 579254
TOTAL STEPS: 581054
TOTAL STEPS: 583430
TOTAL STEPS: 585230
TOTAL STEPS: 587882
TOTAL STEPS: 589382
TOTAL STEPS: 593669
TOTAL STEPS: 599297
TOTAL STEPS: 601673
TOTAL STEPS: 603473
TOTAL STEPS: 605273
TOTAL STEPS: 607073
TOTAL STEPS: 608573
TOTAL STEPS: 611075
TOTAL STEPS: 613325
TOTAL STEPS: 614965
TOTAL STEPS: 616882
TOTAL STEPS: 619534
TOTAL STEPS: 622534
TOTAL STEPS: 624174
TOTAL STEPS: 625974
TOTAL STEPS: 629730
TOTAL STEPS: 632382
TOTAL STEPS: 633882
TOTAL STEPS: 635682
TOTAL STEPS: 637482
TOTAL STEPS: 640300
TOTAL STEPS: 641940
TOTAL STEPS: 645540
TOTAL STEPS: 647040
TOTAL STEPS: 650790
TOTAL STEPS: 652430
TOTAL STEPS: 654070
TOTAL STEPS: 655870
TOTAL STEPS: 658372
TOTAL STEPS: 659872
TOTAL STEPS: 662690
TOTAL STEPS: 665690
TOTAL STEPS: 668690
TOTAL STEPS: 671066
TOTAL STEPS: 673160
TOTAL STEPS: 675978
TOTAL STEPS: 678072
TOTAL STEPS: 680166
TOTAL STEPS: 681666
TOTAL STEPS: 683176
TOTAL STEPS: 685426
TOTAL STEPS: 698323
TOTAL STEPS: 700123
TOTAL STEPS: 701623
TOTAL STEPS: 705727
TOTAL STEPS: 707367
TOTAL STEPS: 709284
TOTAL STEPS: 711084
TOTAL STEPS: 712584
TOTAL STEPS: 715929
TOTAL STEPS: 717569
TOTAL STEPS: 720569
TOTAL STEPS: 722819
TOTAL STEPS: 724913
TOTAL STEPS: 727913
TOTAL STEPS: 729553
TOTAL STEPS: 733153
TOTAL STEPS: 737897
TOTAL STEPS: 739814
TOTAL STEPS: 742466
TOTAL STEPS: 746222
TOTAL STEPS: 747862
TOTAL STEPS: 749956
TOTAL STEPS: 751596
TOTAL STEPS: 753513
TOTAL STEPS: 755607
TOTAL STEPS: 757983
TOTAL STEPS: 765489
TOTAL STEPS: 768594
TOTAL STEPS: 770234
TOTAL STEPS: 771874
TOTAL STEPS: 773514
TOTAL STEPS: 776166
TOTAL STEPS: 778083
TOTAL STEPS: 780177
TOTAL STEPS: 787677
TOTAL STEPS: 792687
TOTAL STEPS: 794487
TOTAL STEPS: 797139
TOTAL STEPS: 798639
TOTAL STEPS: 800439
TOTAL STEPS: 802941
TOTAL STEPS: 804581
TOTAL STEPS: 806498
TOTAL STEPS: 810248
TOTAL STEPS: 812165
TOTAL STEPS: 813965
TOTAL STEPS: 816059
TOTAL STEPS: 817559
TOTAL STEPS: 820163
TOTAL STEPS: 824533
TOTAL STEPS: 827087
TOTAL STEPS: 830418
TOTAL STEPS: 834105
TOTAL STEPS: 836571
TOTAL STEPS: 840095
TOTAL STEPS: 842563
TOTAL STEPS: 844798
TOTAL STEPS: 847264
TOTAL STEPS: 850188
TOTAL STEPS: 852567
TOTAL STEPS: 856615
TOTAL STEPS: 860114
TOTAL STEPS: 863404
TOTAL STEPS: 865875
TOTAL STEPS: 868179
TOTAL STEPS: 873809
TOTAL STEPS: 876113
TOTAL STEPS: 879061
TOTAL STEPS: 885451
TOTAL STEPS: 888145
TOTAL STEPS: 892549
TOTAL STEPS: 894824
TOTAL STEPS: 898604
TOTAL STEPS: 908447
TOTAL STEPS: 910750
TOTAL STEPS: 915626
TOTAL STEPS: 918000
TOTAL STEPS: 921532
TOTAL STEPS: 927018
TOTAL STEPS: 932553
TOTAL STEPS: 935283
TOTAL STEPS: 937536
TOTAL STEPS: 940403
TOTAL STEPS: 943445
TOTAL STEPS: 951565
TOTAL STEPS: 954565
TOTAL STEPS: 960053
TOTAL STEPS: 962309
TOTAL STEPS: 964480
TOTAL STEPS: 967504
TOTAL STEPS: 970366
TOTAL STEPS: 974053
TOTAL STEPS: 976747
TOTAL STEPS: 981623
TOTAL STEPS: 989679
TOTAL STEPS: 991984
TOTAL STEPS: 997204
TOTAL STEPS: 1001207
TOTAL STEPS: 1003492
TOTAL STEPS: 1006233
TOTAL STEPS: 1010840
TOTAL STEPS: 1013471
TOTAL STEPS: 1017349
TOTAL STEPS: 1020583
TOTAL STEPS: 1023195
TOTAL STEPS: 1026193
TOTAL STEPS: 1028562
TOTAL STEPS: 1034178
TOTAL STEPS: 1038480
TOTAL STEPS: 1040853
TOTAL STEPS: 1045087
TOTAL STEPS: 1048187
TOTAL STEPS: 1051187
TOTAL STEPS: 1053561
TOTAL STEPS: 1061763
TOTAL STEPS: 1063901
TOTAL STEPS: 1068941
TOTAL STEPS: 1080451
TOTAL STEPS: 1083372
TOTAL STEPS: 1086957
TOTAL STEPS: 1089357
TOTAL STEPS: 1092802
TOTAL STEPS: 1095574
TOTAL STEPS: 1099239
TOTAL STEPS: 1101639
TOTAL STEPS: 1108770
TOTAL STEPS: 1110971
TOTAL STEPS: 1124721
TOTAL STEPS: 1128821
TOTAL STEPS: 1131091
TOTAL STEPS: 1139299
TOTAL STEPS: 1141522
TOTAL STEPS: 1145156
TOTAL STEPS: 1147556
TOTAL STEPS: 1153427
TOTAL STEPS: 1155827
TOTAL STEPS: 1158458
TOTAL STEPS: 1161846
TOTAL STEPS: 1164596
TOTAL STEPS: 1169120
TOTAL STEPS: 1181836
TOTAL STEPS: 1184040
TOTAL STEPS: 1186675
TOTAL STEPS: 1189675
TOTAL STEPS: 1192521
TOTAL STEPS: 1195887
TOTAL STEPS: 1198447
TOTAL STEPS: 1200987
TOTAL STEPS: 1204737
TOTAL STEPS: 1209559
TOTAL STEPS: 1212200
TOTAL STEPS: 1214848
TOTAL STEPS: 1233124
TOTAL STEPS: 1236611
TOTAL STEPS: 1243275
TOTAL STEPS: 1246175
TOTAL STEPS: 1251385
TOTAL STEPS: 1253916
TOTAL STEPS: 1256191
TOTAL STEPS: 1261118
TOTAL STEPS: 1263654
TOTAL STEPS: 1266272
TOTAL STEPS: 1269322
TOTAL STEPS: 1272113
TOTAL STEPS: 1274368
TOTAL STEPS: 1278216
TOTAL STEPS: 1283005
TOTAL STEPS: 1285308
TOTAL STEPS: 1288745
TOTAL STEPS: 1292277
TOTAL STEPS: 1294981
TOTAL STEPS: 1298701
TOTAL STEPS: 1300876
TOTAL STEPS: 1304416
TOTAL STEPS: 1306653
TOTAL STEPS: 1310573
TOTAL STEPS: 1312942
TOTAL STEPS: 1316390
TOTAL STEPS: 1320444
TOTAL STEPS: 1323328
TOTAL STEPS: 1325632
TOTAL STEPS: 1328872
TOTAL STEPS: 1333656
TOTAL STEPS: 1341101
TOTAL STEPS: 1343337
TOTAL STEPS: 1347557
TOTAL STEPS: 1353757
TOTAL STEPS: 1358167
TOTAL STEPS: 1360543
TOTAL STEPS: 1370313
TOTAL STEPS: 1374192
TOTAL STEPS: 1381023
TOTAL STEPS: 1383328
TOTAL STEPS: 1388771
TOTAL STEPS: 1391598
TOTAL STEPS: 1395013
TOTAL STEPS: 1402423
TOTAL STEPS: 1404935
TOTAL STEPS: 1407169
TOTAL STEPS: 1410365
TOTAL STEPS: 1413108
TOTAL STEPS: 1416290
TOTAL STEPS: 1422218
TOTAL STEPS: 1424686
TOTAL STEPS: 1446286
TOTAL STEPS: 1449601
TOTAL STEPS: 1452625
TOTAL STEPS: 1454836
TOTAL STEPS: 1457411
TOTAL STEPS: 1461299
TOTAL STEPS: 1464349
TOTAL STEPS: 1466849
TOTAL STEPS: 1470564
TOTAL STEPS: 1476882
TOTAL STEPS: 1480770
TOTAL STEPS: 1484356
TOTAL STEPS: 1486796
TOTAL STEPS: 1489216
TOTAL STEPS: 1491440
TOTAL STEPS: 1494590
TOTAL STEPS: 1497614
TOTAL STEPS: 1503874
TOTAL STEPS: 1507024
TOTAL STEPS: 1509621
TOTAL STEPS: 1513357
TOTAL STEPS: 1515944
TOTAL STEPS: 1518827
TOTAL STEPS: 1539827
TOTAL STEPS: 1543231
TOTAL STEPS: 1549054
TOTAL STEPS: 1555254
TOTAL STEPS: 1558412
TOTAL STEPS: 1562612
TOTAL STEPS: 1568924
TOTAL STEPS: 1571224
TOTAL STEPS: 1575882
TOTAL STEPS: 1578204
TOTAL STEPS: 1581090
TOTAL STEPS: 1589616
TOTAL STEPS: 1591990
TOTAL STEPS: 1595401
TOTAL STEPS: 1599397
TOTAL STEPS: 1602422
TOTAL STEPS: 1605572
TOTAL STEPS: 1611837
TOTAL STEPS: 1614861
TOTAL STEPS: 1619253
TOTAL STEPS: 1622253
TOTAL STEPS: 1627049
TOTAL STEPS: 1629943
TOTAL STEPS: 1633920
TOTAL STEPS: 1636436
TOTAL STEPS: 1638673
TOTAL STEPS: 1641051
TOTAL STEPS: 1643759
TOTAL STEPS: 1647748
TOTAL STEPS: 1649912
TOTAL STEPS: 1652332
TOTAL STEPS: 1656512
TOTAL STEPS: 1658812
TOTAL STEPS: 1664300
TOTAL STEPS: 1666814
TOTAL STEPS: 1669214
TOTAL STEPS: 1671378
TOTAL STEPS: 1673800
TOTAL STEPS: 1676395
TOTAL STEPS: 1680615
TOTAL STEPS: 1682992
TOTAL STEPS: 1686185
TOTAL STEPS: 1689365
TOTAL STEPS: 1691736
TOTAL STEPS: 1693993
TOTAL STEPS: 1696885
TOTAL STEPS: 1699482
TOTAL STEPS: 1702380
TOTAL STEPS: 1704971
TOTAL STEPS: 1707351
TOTAL STEPS: 1709657
TOTAL STEPS: 1712177
TOTAL STEPS: 1715593
TOTAL STEPS: 1720762
TOTAL STEPS: 1726250
TOTAL STEPS: 1728902
TOTAL STEPS: 1731902
TOTAL STEPS: 1735042
TOTAL STEPS: 1738574
TOTAL STEPS: 1741574
TOTAL STEPS: 1744412
TOTAL STEPS: 1749902
TOTAL STEPS: 1754813
TOTAL STEPS: 1757049
TOTAL STEPS: 1760240
TOTAL STEPS: 1766393
TOTAL STEPS: 1768760
TOTAL STEPS: 1771784
TOTAL STEPS: 1773951
TOTAL STEPS: 1776332
TOTAL STEPS: 1782164
TOTAL STEPS: 1785024
TOTAL STEPS: 1788556
TOTAL STEPS: 1791229
TOTAL STEPS: 1793466
TOTAL STEPS: 1801514
TOTAL STEPS: 1803816
TOTAL STEPS: 1806056
TOTAL STEPS: 1812476
TOTAL STEPS: 1815680
TOTAL STEPS: 1819139
TOTAL STEPS: 1821374
TOTAL STEPS: 1824028
TOTAL STEPS: 1828687
TOTAL STEPS: 1831886
TOTAL STEPS: 1836166
TOTAL STEPS: 1838549
TOTAL STEPS: 1840787
TOTAL STEPS: 1844474
TOTAL STEPS: 1849426
TOTAL STEPS: 1866226
TOTAL STEPS: 1868609
TOTAL STEPS: 1879581
TOTAL STEPS: 1882595
TOTAL STEPS: 1884849
TOTAL STEPS: 1887020
TOTAL STEPS: 1889810
TOTAL STEPS: 1893342
TOTAL STEPS: 1896342
TOTAL STEPS: 1899882
TOTAL STEPS: 1902576
TOTAL STEPS: 1910559
TOTAL STEPS: 1916393
TOTAL STEPS: 1919194
TOTAL STEPS: 1922693
TOTAL STEPS: 1925070
TOTAL STEPS: 1930026
TOTAL STEPS: 1934902
TOTAL STEPS: 1937791
TOTAL STEPS: 1939963
TOTAL STEPS: 1942987
TOTAL STEPS: 1945555
TOTAL STEPS: 1953611
TOTAL STEPS: 1956681
TOTAL STEPS: 1959779
TOTAL STEPS: 1963091
TOTAL STEPS: 1973015
TOTAL STEPS: 1980195
TOTAL STEPS: 1988063
TOTAL STEPS: 1990298
TOTAL STEPS: 1993187
TOTAL STEPS: 1996054
TOTAL STEPS: 1999834
TOTAL STEPS: 2008717
TOTAL STEPS: 2011787
TOTAL STEPS: 2021466
TOTAL STEPS: 2025666
TOTAL STEPS: 2028526
TOTAL STEPS: 2033482
TOTAL STEPS: 2036808
TOTAL STEPS: 2039043
TOTAL STEPS: 2041613
TOTAL STEPS: 2044451
TOTAL STEPS: 2046918
TOTAL STEPS: 2049240
TOTAL STEPS: 2051607
TOTAL STEPS: 2056817
TOTAL STEPS: 2060276
TOTAL STEPS: 2062676
TOTAL STEPS: 2066796
TOTAL STEPS: 2071414
TOTAL STEPS: 2074937
TOTAL STEPS: 2079570
TOTAL STEPS: 2084484
TOTAL STEPS: 2091934
TOTAL STEPS: 2094619
TOTAL STEPS: 2097293
TOTAL STEPS: 2100293
TOTAL STEPS: 2103293
TOTAL STEPS: 2105598
TOTAL STEPS: 2109696
TOTAL STEPS: 2112151
TOTAL STEPS: 2114425
TOTAL STEPS: 2116681
TOTAL STEPS: 2119064
TOTAL STEPS: 2121318
TOTAL STEPS: 2125284
TOTAL STEPS: 2127651
TOTAL STEPS: 2129886
TOTAL STEPS: 2133858
TOTAL STEPS: 2136552
TOTAL STEPS: 2138805
TOTAL STEPS: 2142291
TOTAL STEPS: 2144984
TOTAL STEPS: 2150144
TOTAL STEPS: 2154504
TOTAL STEPS: 2157344
TOTAL STEPS: 2162564
TOTAL STEPS: 2166650
TOTAL STEPS: 2168822
TOTAL STEPS: 2177712
TOTAL STEPS: 2180532
TOTAL STEPS: 2182918
TOTAL STEPS: 2185193
TOTAL STEPS: 2188725
TOTAL STEPS: 2195175
TOTAL STEPS: 2198461
TOTAL STEPS: 2202241
TOTAL STEPS: 2205353
TOTAL STEPS: 2207525
TOTAL STEPS: 2209759
TOTAL STEPS: 2211995
TOTAL STEPS: 2214230
TOTAL STEPS: 2216815
TOTAL STEPS: 2220347
TOTAL STEPS: 2223361
TOTAL STEPS: 2234335
TOTAL STEPS: 2241351
TOTAL STEPS: 2247255
TOTAL STEPS: 2249578
TOTAL STEPS: 2257483
TOTAL STEPS: 2259938
TOTAL STEPS: 2262323
TOTAL STEPS: 2264582
TOTAL STEPS: 2268461
TOTAL STEPS: 2271737
TOTAL STEPS: 2275424
TOTAL STEPS: 2278762
TOTAL STEPS: 2281790
TOTAL STEPS: 2285738
TOTAL STEPS: 2288411
TOTAL STEPS: 2297213
TOTAL STEPS: 2303503
TOTAL STEPS: 2305891
TOTAL STEPS: 2308146
TOTAL STEPS: 2310420
TOTAL STEPS: 2313420
TOTAL STEPS: 2316624
TOTAL STEPS: 2319722
TOTAL STEPS: 2322399
TOTAL STEPS: 2325236
TOTAL STEPS: 2329820
TOTAL STEPS: 2332413
TOTAL STEPS: 2335086
TOTAL STEPS: 2338572
TOTAL STEPS: 2343692
TOTAL STEPS: 2347472
TOTAL STEPS: 2350472
TOTAL STEPS: 2352938
TOTAL STEPS: 2358424
TOTAL STEPS: 2361551
TOTAL STEPS: 2364601
TOTAL STEPS: 2367890
TOTAL STEPS: 2370890
TOTAL STEPS: 2373761
TOTAL STEPS: 2376786
TOTAL STEPS: 2379392
TOTAL STEPS: 2383026
TOTAL STEPS: 2385908
TOTAL STEPS: 2389672
TOTAL STEPS: 2391804
TOTAL STEPS: 2394103
TOTAL STEPS: 2398055
TOTAL STEPS: 2409033
TOTAL STEPS: 2412427
TOTAL STEPS: 2415451
TOTAL STEPS: 2421331
TOTAL STEPS: 2431174
TOTAL STEPS: 2433364
TOTAL STEPS: 2437234
TOTAL STEPS: 2442724
TOTAL STEPS: 2445438
TOTAL STEPS: 2447814
TOTAL STEPS: 2462162
TOTAL STEPS: 2464637
TOTAL STEPS: 2467011
TOTAL STEPS: 2471007
TOTAL STEPS: 2473427
TOTAL STEPS: 2478273
TOTAL STEPS: 2481323
TOTAL STEPS: 2484106
TOTAL STEPS: 2487451
TOTAL STEPS: 2489951
TOTAL STEPS: 2492537
TOTAL STEPS: 2498360
TOTAL STEPS: 2500499
TOTAL STEPS: 2505515
TOTAL STEPS: 2508515
TOTAL STEPS: 2511015
TOTAL STEPS: 2514165
TOTAL STEPS: 2520765
TOTAL STEPS: 2523185
TOTAL STEPS: 2526506
TOTAL STEPS: 2533161
TOTAL STEPS: 2535870
TOTAL STEPS: 2539161
TOTAL STEPS: 2543713
TOTAL STEPS: 2546087
TOTAL STEPS: 2553107
TOTAL STEPS: 2556232
TOTAL STEPS: 2559523
TOTAL STEPS: 2562296
TOTAL STEPS: 2565930
TOTAL STEPS: 2570890
TOTAL STEPS: 2573542
TOTAL STEPS: 2576986
TOTAL STEPS: 2579617
TOTAL STEPS: 2582017
TOTAL STEPS: 2585459
TOTAL STEPS: 2588584
TOTAL STEPS: 2593117
TOTAL STEPS: 2595983
TOTAL STEPS: 2600590
TOTAL STEPS: 2602862
TOTAL STEPS: 2605890
TOTAL STEPS: 2609733
TOTAL STEPS: 2612013
TOTAL STEPS: 2617338
TOTAL STEPS: 2619538
TOTAL STEPS: 2622920
TOTAL STEPS: 2625572
TOTAL STEPS: 2632172
TOTAL STEPS: 2634388
TOTAL STEPS: 2653489
TOTAL STEPS: 2659132
TOTAL STEPS: 2661859
TOTAL STEPS: 2663997
TOTAL STEPS: 2667587
TOTAL STEPS: 2670127
TOTAL STEPS: 2676243
TOTAL STEPS: 2680583
TOTAL STEPS: 2683817
TOTAL STEPS: 2686021
TOTAL STEPS: 2688412
TOTAL STEPS: 2690765
TOTAL STEPS: 2694229
TOTAL STEPS: 2697282
TOTAL STEPS: 2699491
TOTAL STEPS: 2701831
TOTAL STEPS: 2706099
TOTAL STEPS: 2708579
TOTAL STEPS: 2716955
TOTAL STEPS: 2720403
TOTAL STEPS: 2722605
TOTAL STEPS: 2726065
TOTAL STEPS: 2728696
TOTAL STEPS: 2732458
TOTAL STEPS: 2736798
TOTAL STEPS: 2747598
TOTAL STEPS: 2751934
TOTAL STEPS: 2754334
TOTAL STEPS: 2754384
TOTAL STEPS: 2756559
TOTAL STEPS: 2760799
TOTAL STEPS: 2768673
TOTAL STEPS: 2772674
TOTAL STEPS: 2775053
TOTAL STEPS: 2780157
TOTAL STEPS: 2783907
TOTAL STEPS: 2786526
TOTAL STEPS: 2789706
TOTAL STEPS: 2792146
TOTAL STEPS: 2799877
TOTAL STEPS: 2802254
TOTAL STEPS: 2805421
TOTAL STEPS: 2808703
TOTAL STEPS: 2815013
TOTAL STEPS: 2819067
TOTAL STEPS: 2822117
TOTAL STEPS: 2826317
TOTAL STEPS: 2828622
TOTAL STEPS: 2831622
TOTAL STEPS: 2834042
TOTAL STEPS: 2836561
TOTAL STEPS: 2839073
TOTAL STEPS: 2845383
TOTAL STEPS: 2848091
TOTAL STEPS: 2850326
TOTAL STEPS: 2852944
TOTAL STEPS: 2860684
TOTAL STEPS: 2862989
TOTAL STEPS: 2866387
TOTAL STEPS: 2869012
TOTAL STEPS: 2871652
TOTAL STEPS: 2874319
TOTAL STEPS: 2877205
TOTAL STEPS: 2879586
TOTAL STEPS: 2883538
TOTAL STEPS: 2886688
TOTAL STEPS: 2890084
TOTAL STEPS: 2892757
TOTAL STEPS: 2895179
TOTAL STEPS: 2897415
TOTAL STEPS: 2899792
TOTAL STEPS: 2903186
TOTAL STEPS: 2906496
TOTAL STEPS: 2908895
TOTAL STEPS: 2911895
TOTAL STEPS: 2925621
TOTAL STEPS: 2928019
TOTAL STEPS: 2931206
TOTAL STEPS: 2941052
TOTAL STEPS: 2943423
TOTAL STEPS: 2946308
TOTAL STEPS: 2948679
TOTAL STEPS: 2951156
TOTAL STEPS: 2959896
TOTAL STEPS: 2962709
TOTAL STEPS: 2965403
TOTAL STEPS: 2968064
TOTAL STEPS: 2970461
TOTAL STEPS: 2975581
TOTAL STEPS: 2978167
TOTAL STEPS: 2980554
TOTAL STEPS: 2983691
TOTAL STEPS: 2985863
TOTAL STEPS: 2989722
TOTAL STEPS: 2993438
TOTAL STEPS: 2996970
TOTAL STEPS: 3000502
TOTAL STEPS: 3030502
TOTAL STEPS: 3034189
TOTAL STEPS: 3037189
TOTAL STEPS: 3039577
TOTAL STEPS: 3042371
TOTAL STEPS: 3055349
TOTAL STEPS: 3057602
TOTAL STEPS: 3061007
TOTAL STEPS: 3066545
TOTAL STEPS: 3068816
TOTAL STEPS: 3074260
TOTAL STEPS: 3076726
TOTAL STEPS: 3080945
TOTAL STEPS: 3088058
TOTAL STEPS: 3090625
TOTAL STEPS: 3092897
TOTAL STEPS: 3095722
TOTAL STEPS: 3099812
TOTAL STEPS: 3102381
TOTAL STEPS: 3105188
TOTAL STEPS: 3108647
TOTAL STEPS: 3110918
TOTAL STEPS: 3114518
TOTAL STEPS: 3116962
TOTAL STEPS: 3122082
TOTAL STEPS: 3125487
TOTAL STEPS: 3127884
TOTAL STEPS: 3133708
TOTAL STEPS: 3137086
TOTAL STEPS: 3139760
TOTAL STEPS: 3142017
TOTAL STEPS: 3142069
TOTAL STEPS: 3150980
TOTAL STEPS: 3154932
TOTAL STEPS: 3157169
TOTAL STEPS: 3159529
TOTAL STEPS: 3164749
TOTAL STEPS: 3167749
TOTAL STEPS: 3170545
TOTAL STEPS: 3174745
TOTAL STEPS: 3177275
TOTAL STEPS: 3179787
TOTAL STEPS: 3184535
TOTAL STEPS: 3189025
TOTAL STEPS: 3195335
TOTAL STEPS: 3198572
TOTAL STEPS: 3201280
TOTAL STEPS: 3203455
TOTAL STEPS: 3207334
TOTAL STEPS: 3210526
TOTAL STEPS: 3212832
TOTAL STEPS: 3216948
TOTAL STEPS: 3220698
TOTAL STEPS: 3223476
TOTAL STEPS: 3226270
TOTAL STEPS: 3228700
TOTAL STEPS: 3231302
TOTAL STEPS: 3234708
TOTAL STEPS: 3237708
TOTAL STEPS: 3240908
TOTAL STEPS: 3243932
TOTAL STEPS: 3248704
TOTAL STEPS: 3250952
TOTAL STEPS: 3253557
TOTAL STEPS: 3260893
TOTAL STEPS: 3271984
TOTAL STEPS: 3274511
TOTAL STEPS: 3277561
TOTAL STEPS: 3282359
TOTAL STEPS: 3285666
TOTAL STEPS: 3292742
TOTAL STEPS: 3296590
TOTAL STEPS: 3299010
TOTAL STEPS: 3302790
TOTAL STEPS: 3305306
TOTAL STEPS: 3307542
TOTAL STEPS: 3311292
TOTAL STEPS: 3314342
TOTAL STEPS: 3317740
TOTAL STEPS: 3321278
TOTAL STEPS: 3332462
TOTAL STEPS: 3332514
TOTAL STEPS: 3334686
TOTAL STEPS: 3338023
TOTAL STEPS: 3340889
TOTAL STEPS: 3345089
TOTAL STEPS: 3349204
TOTAL STEPS: 3351458
TOTAL STEPS: 3353711
TOTAL STEPS: 3355884
TOTAL STEPS: 3358251
TOTAL STEPS: 3360835
TOTAL STEPS: 3367255
TOTAL STEPS: 3375238
TOTAL STEPS: 3378032
TOTAL STEPS: 3380868
TOTAL STEPS: 3383794
TOTAL STEPS: 3391846
TOTAL STEPS: 3404046
TOTAL STEPS: 3407908
TOTAL STEPS: 3410295
TOTAL STEPS: 3412666
TOTAL STEPS: 3418502
TOTAL STEPS: 3421392
TOTAL STEPS: 3430282
TOTAL STEPS: 3434228
TOTAL STEPS: 3436901
TOTAL STEPS: 3442485
TOTAL STEPS: 3447705
TOTAL STEPS: 3451164
TOTAL STEPS: 3456702
TOTAL STEPS: 3461922
TOTAL STEPS: 3464159
TOTAL STEPS: 3466960
TOTAL STEPS: 3489546
TOTAL STEPS: 3492197
TOTAL STEPS: 3494891
TOTAL STEPS: 3500142
TOTAL STEPS: 3502805
TOTAL STEPS: 3505077
TOTAL STEPS: 3508147
TOTAL STEPS: 3510402
TOTAL STEPS: 3513513
TOTAL STEPS: 3515989
TOTAL STEPS: 3518549
TOTAL STEPS: 3521016
TOTAL STEPS: 3524394
TOTAL STEPS: 3527408
TOTAL STEPS: 3529711
TOTAL STEPS: 3532896
TOTAL STEPS: 3535340
TOTAL STEPS: 3537860
TOTAL STEPS: 3541627
TOTAL STEPS: 3544047
TOTAL STEPS: 3548985
TOTAL STEPS: 3551485
TOTAL STEPS: 3553979
TOTAL STEPS: 3556862
TOTAL STEPS: 3559862
TOTAL STEPS: 3566186
TOTAL STEPS: 3579986
TOTAL STEPS: 3583011
TOTAL STEPS: 3585617
TOTAL STEPS: 3587941
TOTAL STEPS: 3590298
TOTAL STEPS: 3593031
TOTAL STEPS: 3610051
TOTAL STEPS: 3612693
TOTAL STEPS: 3614827
TOTAL STEPS: 3617125
TOTAL STEPS: 3624180
TOTAL STEPS: 3629227
TOTAL STEPS: 3631818
TOTAL STEPS: 3634029
TOTAL STEPS: 3636529
TOTAL STEPS: 3639975
TOTAL STEPS: 3645510
TOTAL STEPS: 3649127
TOTAL STEPS: 3651538
TOTAL STEPS: 3654120
TOTAL STEPS: 3656714
TOTAL STEPS: 3660032
TOTAL STEPS: 3669678
TOTAL STEPS: 3674808
TOTAL STEPS: 3678804
TOTAL STEPS: 3688068
TOTAL STEPS: 3690444
TOTAL STEPS: 3692820
TOTAL STEPS: 3702324
TOTAL STEPS: 3705480
TOTAL STEPS: 3707701
TOTAL STEPS: 3718798
TOTAL STEPS: 3721172
TOTAL STEPS: 3726277
TOTAL STEPS: 3728697
TOTAL STEPS: 3739587
TOTAL STEPS: 3742027
TOTAL STEPS: 3744910
TOTAL STEPS: 3751510
TOTAL STEPS: 3754030
TOTAL STEPS: 3758225
TOTAL STEPS: 3761825
TOTAL STEPS: 3769099
TOTAL STEPS: 3772512
TOTAL STEPS: 3775395
TOTAL STEPS: 3777992
TOTAL STEPS: 3780489
TOTAL STEPS: 3783882
TOTAL STEPS: 3787198
TOTAL STEPS: 3790798
TOTAL STEPS: 3793289
TOTAL STEPS: 3800317
TOTAL STEPS: 3803639
TOTAL STEPS: 3805944
TOTAL STEPS: 3808832
TOTAL STEPS: 3811205
TOTAL STEPS: 3820513
TOTAL STEPS: 3822890
TOTAL STEPS: 3825914
TOTAL STEPS: 3828422
TOTAL STEPS: 3832270
TOTAL STEPS: 3836222
TOTAL STEPS: 3838598
TOTAL STEPS: 3841748
TOTAL STEPS: 3846640
TOTAL STEPS: 3850370
TOTAL STEPS: 3853520
TOTAL STEPS: 3855897
TOTAL STEPS: 3858630
TOTAL STEPS: 3861113
TOTAL STEPS: 3863626
TOTAL STEPS: 3868222
TOTAL STEPS: 3874045
TOTAL STEPS: 3877069
TOTAL STEPS: 3884078
TOTAL STEPS: 3891352
TOTAL STEPS: 3893772
TOTAL STEPS: 3900915
TOTAL STEPS: 3903965
TOTAL STEPS: 3907707
TOTAL STEPS: 3913972
TOTAL STEPS: 3916275
TOTAL STEPS: 3920827
TOTAL STEPS: 3927909
TOTAL STEPS: 3930511
TOTAL STEPS: 3932643
TOTAL STEPS: 3935227
TOTAL STEPS: 3937415
TOTAL STEPS: 3940439
TOTAL STEPS: 3943728
Data Generation Done.
Thank you.
